[2023-07-25T07:15:52.839+0000][7][gc,init] CardTable entry size: 512
[2023-07-25T07:15:52.839+0000][7][gc     ] Using G1
[2023-07-25T07:15:53.139+0000][7][gc,init] Version: 18.0.2+9-61 (release)
[2023-07-25T07:15:53.140+0000][7][gc,init] CPUs: 5 total, 2 available
[2023-07-25T07:15:53.141+0000][7][gc,init] Memory: 4096M
[2023-07-25T07:15:53.142+0000][7][gc,init] Large Page Support: Disabled
[2023-07-25T07:15:53.143+0000][7][gc,init] NUMA Support: Disabled
[2023-07-25T07:15:53.144+0000][7][gc,init] Compressed Oops: Enabled (32-bit)
[2023-07-25T07:15:53.145+0000][7][gc,init] Heap Region Size: 4M
[2023-07-25T07:15:53.146+0000][7][gc,init] Heap Min Capacity: 2G
[2023-07-25T07:15:53.147+0000][7][gc,init] Heap Initial Capacity: 2G
[2023-07-25T07:15:53.147+0000][7][gc,init] Heap Max Capacity: 2G
[2023-07-25T07:15:53.148+0000][7][gc,init] Pre-touch: Enabled
[2023-07-25T07:15:53.149+0000][7][gc,init] Parallel Workers: 2
[2023-07-25T07:15:53.150+0000][7][gc,init] Concurrent Workers: 1
[2023-07-25T07:15:53.151+0000][7][gc,init] Concurrent Refinement Workers: 2
[2023-07-25T07:15:53.151+0000][7][gc,init] Periodic GC: Disabled
[2023-07-25T07:15:53.152+0000][7][gc,metaspace] CDS archive(s) mapped at: [0x0000000800000000-0x0000000800bc0000-0x0000000800bc0000), size 12320768, SharedBaseAddress: 0x0000000800000000, ArchiveRelocationMode: 0.
[2023-07-25T07:15:53.153+0000][7][gc,metaspace] Compressed class space mapped at: 0x0000000800c00000-0x0000000840c00000, reserved size: 1073741824
[2023-07-25T07:15:53.153+0000][7][gc,metaspace] Narrow klass base: 0x0000000800000000, Narrow klass shift: 0, Narrow klass range: 0x100000000
[2023-07-25T07:15:53.320+0000][7][safepoint   ] Safepoint "ICBufferFull", Time since last: 162161542 ns, Reaching safepoint: 142000 ns, At safepoint: 9292 ns, Total: 151292 ns
[2023-07-25T07:15:53.512+0000][7][safepoint   ] Safepoint "ICBufferFull", Time since last: 191808333 ns, Reaching safepoint: 152000 ns, At safepoint: 10833 ns, Total: 162833 ns
[2023-07-25T07:15:53.636+0000][7][safepoint   ] Safepoint "ICBufferFull", Time since last: 124173417 ns, Reaching safepoint: 136417 ns, At safepoint: 14583 ns, Total: 151000 ns
[2023-07-25T07:15:53.729+0000][7][safepoint   ] Safepoint "ICBufferFull", Time since last: 92565042 ns, Reaching safepoint: 169208 ns, At safepoint: 14334 ns, Total: 183542 ns
[2023-07-25T07:15:53.908+0000][7][safepoint   ] Safepoint "ICBufferFull", Time since last: 178355833 ns, Reaching safepoint: 824875 ns, At safepoint: 2042 ns, Total: 826917 ns
[2023-07-25T07:15:54.037+0000][7][gc,start    ] GC(0) Pause Young (Normal) (G1 Evacuation Pause)
[2023-07-25T07:15:54.039+0000][7][gc,task     ] GC(0) Using 2 workers of 2 for evacuation
[2023-07-25T07:15:54.040+0000][7][gc,age      ] GC(0) Desired survivor size 8388608 bytes, new threshold 15 (max threshold 15)
[2023-07-25T07:15:54.048+0000][7][gc,phases   ] GC(0)   Pre Evacuate Collection Set: 0.3ms
[2023-07-25T07:15:54.049+0000][7][gc,phases   ] GC(0)   Merge Heap Roots: 0.0ms
[2023-07-25T07:15:54.049+0000][7][gc,phases   ] GC(0)   Evacuate Collection Set: 5.3ms
[2023-07-25T07:15:54.050+0000][7][gc,phases   ] GC(0)   Post Evacuate Collection Set: 0.9ms
[2023-07-25T07:15:54.051+0000][7][gc,phases   ] GC(0)   Other: 2.4ms
[2023-07-25T07:15:54.051+0000][7][gc,age      ] GC(0) Age table with threshold 15 (max threshold 15)
[2023-07-25T07:15:54.052+0000][7][gc,age      ] GC(0) - age   1:    7757208 bytes,    7757208 total
[2023-07-25T07:15:54.053+0000][7][gc,heap     ] GC(0) Eden regions: 25->0(23)
[2023-07-25T07:15:54.054+0000][7][gc,heap     ] GC(0) Survivor regions: 0->2(4)
[2023-07-25T07:15:54.054+0000][7][gc,heap     ] GC(0) Old regions: 0->0
[2023-07-25T07:15:54.055+0000][7][gc,heap     ] GC(0) Archive regions: 2->2
[2023-07-25T07:15:54.056+0000][7][gc,heap     ] GC(0) Humongous regions: 0->0
[2023-07-25T07:15:54.056+0000][7][gc,metaspace] GC(0) Metaspace: 15262K(15552K)->15262K(15552K) NonClass: 13531K(13696K)->13531K(13696K) Class: 1730K(1856K)->1730K(1856K)
[2023-07-25T07:15:54.057+0000][7][gc          ] GC(0) Pause Young (Normal) (G1 Evacuation Pause) 104M->11M(2048M) 19.568ms
[2023-07-25T07:15:54.064+0000][7][gc,cpu      ] GC(0) User=0.01s Sys=0.00s Real=0.02s
[2023-07-25T07:15:54.065+0000][7][safepoint   ] Safepoint "G1CollectForAllocation", Time since last: 128738458 ns, Reaching safepoint: 467083 ns, At safepoint: 27713292 ns, Total: 28180375 ns
[2023-07-25T07:15:54.227+0000][7][safepoint   ] Safepoint "ICBufferFull", Time since last: 162078750 ns, Reaching safepoint: 278917 ns, At safepoint: 17125 ns, Total: 296042 ns
[2023-07-25T07:15:54.230+0000][7][gc,start    ] GC(1) Pause Young (Normal) (G1 Evacuation Pause)
[2023-07-25T07:15:54.231+0000][7][gc,task     ] GC(1) Using 2 workers of 2 for evacuation
[2023-07-25T07:15:54.232+0000][7][gc,age      ] GC(1) Desired survivor size 8388608 bytes, new threshold 15 (max threshold 15)
[2023-07-25T07:15:54.240+0000][7][gc,phases   ] GC(1)   Pre Evacuate Collection Set: 0.2ms
[2023-07-25T07:15:54.241+0000][7][gc,phases   ] GC(1)   Merge Heap Roots: 0.0ms
[2023-07-25T07:15:54.242+0000][7][gc,phases   ] GC(1)   Evacuate Collection Set: 5.2ms
[2023-07-25T07:15:54.243+0000][7][gc,phases   ] GC(1)   Post Evacuate Collection Set: 0.9ms
[2023-07-25T07:15:54.243+0000][7][gc,phases   ] GC(1)   Other: 2.6ms
[2023-07-25T07:15:54.244+0000][7][gc,age      ] GC(1) Age table with threshold 15 (max threshold 15)
[2023-07-25T07:15:54.245+0000][7][gc,age      ] GC(1) - age   1:    2925768 bytes,    2925768 total
[2023-07-25T07:15:54.246+0000][7][gc,age      ] GC(1) - age   2:    7655632 bytes,   10581400 total
[2023-07-25T07:15:54.246+0000][7][gc,heap     ] GC(1) Eden regions: 23->0(22)
[2023-07-25T07:15:54.247+0000][7][gc,heap     ] GC(1) Survivor regions: 2->3(4)
[2023-07-25T07:15:54.248+0000][7][gc,heap     ] GC(1) Old regions: 0->0
[2023-07-25T07:15:54.249+0000][7][gc,heap     ] GC(1) Archive regions: 2->2
[2023-07-25T07:15:54.250+0000][7][gc,heap     ] GC(1) Humongous regions: 0->0
[2023-07-25T07:15:54.251+0000][7][gc,metaspace] GC(1) Metaspace: 17318K(17728K)->17318K(17728K) NonClass: 15336K(15552K)->15336K(15552K) Class: 1981K(2176K)->1981K(2176K)
[2023-07-25T07:15:54.252+0000][7][gc          ] GC(1) Pause Young (Normal) (G1 Evacuation Pause) 103M->14M(2048M) 22.038ms
[2023-07-25T07:15:54.253+0000][7][gc,cpu      ] GC(1) User=0.01s Sys=0.00s Real=0.02s
[2023-07-25T07:15:54.254+0000][7][safepoint   ] Safepoint "G1CollectForAllocation", Time since last: 2543375 ns, Reaching safepoint: 75708 ns, At safepoint: 23761500 ns, Total: 23837208 ns
[2023-07-25T07:15:54.366+0000][7][gc,start    ] GC(2) Pause Young (Normal) (G1 Evacuation Pause)
[2023-07-25T07:15:54.367+0000][7][gc,task     ] GC(2) Using 2 workers of 2 for evacuation
[2023-07-25T07:15:54.368+0000][7][gc,age      ] GC(2) Desired survivor size 8388608 bytes, new threshold 2 (max threshold 15)
[2023-07-25T07:15:54.376+0000][7][gc,phases   ] GC(2)   Pre Evacuate Collection Set: 0.2ms
[2023-07-25T07:15:54.378+0000][7][gc,phases   ] GC(2)   Merge Heap Roots: 0.2ms
[2023-07-25T07:15:54.379+0000][7][gc,phases   ] GC(2)   Evacuate Collection Set: 6.0ms
[2023-07-25T07:15:54.379+0000][7][gc,phases   ] GC(2)   Post Evacuate Collection Set: 0.6ms
[2023-07-25T07:15:54.380+0000][7][gc,phases   ] GC(2)   Other: 1.9ms
[2023-07-25T07:15:54.380+0000][7][gc,age      ] GC(2) Age table with threshold 2 (max threshold 15)
[2023-07-25T07:15:54.381+0000][7][gc,age      ] GC(2) - age   1:    1908024 bytes,    1908024 total
[2023-07-25T07:15:54.382+0000][7][gc,age      ] GC(2) - age   2:    1690912 bytes,    3598936 total
[2023-07-25T07:15:54.382+0000][7][gc,heap     ] GC(2) Eden regions: 22->0(23)
[2023-07-25T07:15:54.383+0000][7][gc,heap     ] GC(2) Survivor regions: 3->2(4)
[2023-07-25T07:15:54.383+0000][7][gc,heap     ] GC(2) Old regions: 0->2
[2023-07-25T07:15:54.384+0000][7][gc,heap     ] GC(2) Archive regions: 2->2
[2023-07-25T07:15:54.385+0000][7][gc,heap     ] GC(2) Humongous regions: 0->0
[2023-07-25T07:15:54.385+0000][7][gc,metaspace] GC(2) Metaspace: 17990K(18432K)->17990K(18432K) NonClass: 15899K(16128K)->15899K(16128K) Class: 2091K(2304K)->2091K(2304K)
[2023-07-25T07:15:54.386+0000][7][gc          ] GC(2) Pause Young (Normal) (G1 Evacuation Pause) 102M->16M(2048M) 19.793ms
[2023-07-25T07:15:54.388+0000][7][gc,cpu      ] GC(2) User=0.02s Sys=0.00s Real=0.02s
[2023-07-25T07:15:54.389+0000][7][safepoint   ] Safepoint "G1CollectForAllocation", Time since last: 112534375 ns, Reaching safepoint: 120875 ns, At safepoint: 22810084 ns, Total: 22930959 ns
[2023-07-25T07:15:54.471+0000][7][gc,start    ] GC(3) Pause Young (Normal) (G1 Evacuation Pause)
[2023-07-25T07:15:54.472+0000][7][gc,task     ] GC(3) Using 2 workers of 2 for evacuation
[2023-07-25T07:15:54.473+0000][7][gc,age      ] GC(3) Desired survivor size 8388608 bytes, new threshold 15 (max threshold 15)
[2023-07-25T07:15:54.478+0000][7][gc,phases   ] GC(3)   Pre Evacuate Collection Set: 0.0ms
[2023-07-25T07:15:54.479+0000][7][gc,phases   ] GC(3)   Merge Heap Roots: 0.0ms
[2023-07-25T07:15:54.479+0000][7][gc,phases   ] GC(3)   Evacuate Collection Set: 2.6ms
[2023-07-25T07:15:54.481+0000][7][gc,phases   ] GC(3)   Post Evacuate Collection Set: 0.6ms
[2023-07-25T07:15:54.481+0000][7][gc,phases   ] GC(3)   Other: 2.1ms
[2023-07-25T07:15:54.482+0000][7][gc,age      ] GC(3) Age table with threshold 15 (max threshold 15)
[2023-07-25T07:15:54.483+0000][7][gc,age      ] GC(3) - age   1:    2299264 bytes,    2299264 total
[2023-07-25T07:15:54.484+0000][7][gc,age      ] GC(3) - age   2:    1884432 bytes,    4183696 total
[2023-07-25T07:15:54.485+0000][7][gc,age      ] GC(3) - age   3:    1688904 bytes,    5872600 total
[2023-07-25T07:15:54.486+0000][7][gc,heap     ] GC(3) Eden regions: 23->0(25)
[2023-07-25T07:15:54.487+0000][7][gc,heap     ] GC(3) Survivor regions: 2->2(4)
[2023-07-25T07:15:54.487+0000][7][gc,heap     ] GC(3) Old regions: 2->2
[2023-07-25T07:15:54.488+0000][7][gc,heap     ] GC(3) Archive regions: 2->2
[2023-07-25T07:15:54.489+0000][7][gc,heap     ] GC(3) Humongous regions: 0->0
[2023-07-25T07:15:54.490+0000][7][gc,metaspace] GC(3) Metaspace: 18397K(18816K)->18397K(18816K) NonClass: 16228K(16448K)->16228K(16448K) Class: 2169K(2368K)->2169K(2368K)
[2023-07-25T07:15:54.490+0000][7][gc          ] GC(3) Pause Young (Normal) (G1 Evacuation Pause) 108M->17M(2048M) 19.367ms
[2023-07-25T07:15:54.491+0000][7][gc,cpu      ] GC(3) User=0.01s Sys=0.00s Real=0.02s
[2023-07-25T07:15:54.492+0000][7][safepoint   ] Safepoint "G1CollectForAllocation", Time since last: 81773625 ns, Reaching safepoint: 111000 ns, At safepoint: 21197041 ns, Total: 21308041 ns
[2023-07-25T07:15:54.586+0000][7][gc,start    ] GC(4) Pause Young (Normal) (G1 Evacuation Pause)
[2023-07-25T07:15:54.588+0000][7][gc,task     ] GC(4) Using 2 workers of 2 for evacuation
[2023-07-25T07:15:54.589+0000][7][gc,age      ] GC(4) Desired survivor size 8388608 bytes, new threshold 15 (max threshold 15)
[2023-07-25T07:15:54.593+0000][7][gc,phases   ] GC(4)   Pre Evacuate Collection Set: 0.3ms
[2023-07-25T07:15:54.594+0000][7][gc,phases   ] GC(4)   Merge Heap Roots: 0.2ms
[2023-07-25T07:15:54.595+0000][7][gc,phases   ] GC(4)   Evacuate Collection Set: 1.9ms
[2023-07-25T07:15:54.596+0000][7][gc,phases   ] GC(4)   Post Evacuate Collection Set: 0.8ms
[2023-07-25T07:15:54.597+0000][7][gc,phases   ] GC(4)   Other: 1.7ms
[2023-07-25T07:15:54.597+0000][7][gc,age      ] GC(4) Age table with threshold 15 (max threshold 15)
[2023-07-25T07:15:54.598+0000][7][gc,age      ] GC(4) - age   1:    2640080 bytes,    2640080 total
[2023-07-25T07:15:54.599+0000][7][gc,age      ] GC(4) - age   2:     694992 bytes,    3335072 total
[2023-07-25T07:15:54.600+0000][7][gc,age      ] GC(4) - age   3:    1884432 bytes,    5219504 total
[2023-07-25T07:15:54.601+0000][7][gc,age      ] GC(4) - age   4:    1688296 bytes,    6907800 total
[2023-07-25T07:15:54.602+0000][7][gc,heap     ] GC(4) Eden regions: 25->0(31)
[2023-07-25T07:15:54.603+0000][7][gc,heap     ] GC(4) Survivor regions: 2->2(4)
[2023-07-25T07:15:54.603+0000][7][gc,heap     ] GC(4) Old regions: 2->2
[2023-07-25T07:15:54.604+0000][7][gc,heap     ] GC(4) Archive regions: 2->2
[2023-07-25T07:15:54.605+0000][7][gc,heap     ] GC(4) Humongous regions: 0->0
[2023-07-25T07:15:54.605+0000][7][gc,metaspace] GC(4) Metaspace: 18825K(19200K)->18825K(19200K) NonClass: 16617K(16832K)->16617K(16832K) Class: 2208K(2368K)->2208K(2368K)
[2023-07-25T07:15:54.607+0000][7][gc          ] GC(4) Pause Young (Normal) (G1 Evacuation Pause) 117M->18M(2048M) 20.387ms
[2023-07-25T07:15:54.608+0000][7][gc,cpu      ] GC(4) User=0.00s Sys=0.00s Real=0.02s
[2023-07-25T07:15:54.609+0000][7][safepoint   ] Safepoint "G1CollectForAllocation", Time since last: 94073417 ns, Reaching safepoint: 187375 ns, At safepoint: 22232167 ns, Total: 22419542 ns
[2023-07-25T07:15:54.718+0000][7][gc,start    ] GC(5) Pause Young (Normal) (G1 Evacuation Pause)
[2023-07-25T07:15:54.719+0000][7][gc,task     ] GC(5) Using 2 workers of 2 for evacuation
[2023-07-25T07:15:54.720+0000][7][gc,age      ] GC(5) Desired survivor size 10485760 bytes, new threshold 15 (max threshold 15)
[2023-07-25T07:15:54.726+0000][7][gc,phases   ] GC(5)   Pre Evacuate Collection Set: 0.2ms
[2023-07-25T07:15:54.727+0000][7][gc,phases   ] GC(5)   Merge Heap Roots: 0.4ms
[2023-07-25T07:15:54.729+0000][7][gc,phases   ] GC(5)   Evacuate Collection Set: 3.1ms
[2023-07-25T07:15:54.729+0000][7][gc,phases   ] GC(5)   Post Evacuate Collection Set: 0.8ms
[2023-07-25T07:15:54.730+0000][7][gc,phases   ] GC(5)   Other: 2.3ms
[2023-07-25T07:15:54.731+0000][7][gc,age      ] GC(5) Age table with threshold 15 (max threshold 15)
[2023-07-25T07:15:54.732+0000][7][gc,age      ] GC(5) - age   1:    2406840 bytes,    2406840 total
[2023-07-25T07:15:54.733+0000][7][gc,age      ] GC(5) - age   2:    2446240 bytes,    4853080 total
[2023-07-25T07:15:54.733+0000][7][gc,age      ] GC(5) - age   3:     694848 bytes,    5547928 total
[2023-07-25T07:15:54.734+0000][7][gc,age      ] GC(5) - age   4:    1884432 bytes,    7432360 total
[2023-07-25T07:15:54.735+0000][7][gc,age      ] GC(5) - age   5:    1688280 bytes,    9120640 total
[2023-07-25T07:15:54.736+0000][7][gc,heap     ] GC(5) Eden regions: 31->0(304)
[2023-07-25T07:15:54.737+0000][7][gc,heap     ] GC(5) Survivor regions: 2->3(5)
[2023-07-25T07:15:54.738+0000][7][gc,heap     ] GC(5) Old regions: 2->2
[2023-07-25T07:15:54.739+0000][7][gc,heap     ] GC(5) Archive regions: 2->2
[2023-07-25T07:15:54.740+0000][7][gc,heap     ] GC(5) Humongous regions: 0->0
[2023-07-25T07:15:54.741+0000][7][gc,metaspace] GC(5) Metaspace: 19284K(19712K)->19284K(19712K) NonClass: 17020K(17280K)->17020K(17280K) Class: 2264K(2432K)->2264K(2432K)
[2023-07-25T07:15:54.742+0000][7][gc          ] GC(5) Pause Young (Normal) (G1 Evacuation Pause) 142M->20M(2048M) 23.927ms
[2023-07-25T07:15:54.743+0000][7][gc,cpu      ] GC(5) User=0.01s Sys=0.00s Real=0.02s
[2023-07-25T07:15:54.743+0000][7][safepoint   ] Safepoint "G1CollectForAllocation", Time since last: 109219708 ns, Reaching safepoint: 120667 ns, At safepoint: 25597750 ns, Total: 25718417 ns
[2023-07-25T07:15:55.015+0000][7][safepoint   ] Safepoint "ICBufferFull", Time since last: 271426541 ns, Reaching safepoint: 520250 ns, At safepoint: 3834 ns, Total: 524084 ns
[2023-07-25T07:15:55.187+0000][7][gc,start    ] GC(6) Pause Young (Concurrent Start) (Metadata GC Threshold)
[2023-07-25T07:15:55.189+0000][7][gc,task     ] GC(6) Using 2 workers of 2 for evacuation
[2023-07-25T07:15:55.190+0000][7][gc,age      ] GC(6) Desired survivor size 81788928 bytes, new threshold 15 (max threshold 15)
[2023-07-25T07:15:55.195+0000][7][gc,phases   ] GC(6)   Pre Evacuate Collection Set: 0.3ms
[2023-07-25T07:15:55.196+0000][7][gc,phases   ] GC(6)   Merge Heap Roots: 0.1ms
[2023-07-25T07:15:55.197+0000][7][gc,phases   ] GC(6)   Evacuate Collection Set: 2.9ms
[2023-07-25T07:15:55.198+0000][7][gc,phases   ] GC(6)   Post Evacuate Collection Set: 0.7ms
[2023-07-25T07:15:55.199+0000][7][gc,phases   ] GC(6)   Other: 2.3ms
[2023-07-25T07:15:55.200+0000][7][gc,age      ] GC(6) Age table with threshold 15 (max threshold 15)
[2023-07-25T07:15:55.201+0000][7][gc,age      ] GC(6) - age   1:    2735528 bytes,    2735528 total
[2023-07-25T07:15:55.202+0000][7][gc,age      ] GC(6) - age   2:     963080 bytes,    3698608 total
[2023-07-25T07:15:55.203+0000][7][gc,age      ] GC(6) - age   3:    2444960 bytes,    6143568 total
[2023-07-25T07:15:55.205+0000][7][gc,age      ] GC(6) - age   4:     691232 bytes,    6834800 total
[2023-07-25T07:15:55.205+0000][7][gc,age      ] GC(6) - age   5:    1883144 bytes,    8717944 total
[2023-07-25T07:15:55.206+0000][7][gc,age      ] GC(6) - age   6:    1686440 bytes,   10404384 total
[2023-07-25T07:15:55.207+0000][7][gc,heap     ] GC(6) Eden regions: 138->0(304)
[2023-07-25T07:15:55.207+0000][7][gc,heap     ] GC(6) Survivor regions: 3->3(39)
[2023-07-25T07:15:55.208+0000][7][gc,heap     ] GC(6) Old regions: 2->2
[2023-07-25T07:15:55.209+0000][7][gc,heap     ] GC(6) Archive regions: 2->2
[2023-07-25T07:15:55.209+0000][7][gc,heap     ] GC(6) Humongous regions: 0->0
[2023-07-25T07:15:55.209+0000][7][gc,metaspace] GC(6) Metaspace: 20929K(21504K)->20929K(21504K) NonClass: 18433K(18816K)->18433K(18816K) Class: 2495K(2688K)->2495K(2688K)
[2023-07-25T07:15:55.210+0000][7][gc          ] GC(6) Pause Young (Concurrent Start) (Metadata GC Threshold) 570M->22M(2048M) 22.599ms
[2023-07-25T07:15:55.211+0000][7][gc          ] GC(7) Concurrent Mark Cycle
[2023-07-25T07:15:55.211+0000][7][gc,marking  ] GC(7) Concurrent Clear Claimed Marks
[2023-07-25T07:15:55.212+0000][7][gc,marking  ] GC(7) Concurrent Clear Claimed Marks 0.512ms
[2023-07-25T07:15:55.213+0000][7][gc,marking  ] GC(7) Concurrent Scan Root Regions
[2023-07-25T07:15:55.211+0000][7][gc,cpu      ] GC(6) User=0.01s Sys=0.01s Real=0.02s
[2023-07-25T07:15:55.214+0000][7][safepoint   ] Safepoint "CollectForMetadataAllocation", Time since last: 171751917 ns, Reaching safepoint: 112625 ns, At safepoint: 26612000 ns, Total: 26724625 ns
[2023-07-25T07:15:55.215+0000][7][gc,marking  ] GC(7) Concurrent Scan Root Regions 2.558ms
[2023-07-25T07:15:55.216+0000][7][gc,marking  ] GC(7) Concurrent Mark
[2023-07-25T07:15:55.218+0000][7][gc,marking  ] GC(7) Concurrent Mark From Roots
[2023-07-25T07:15:55.218+0000][7][gc,task     ] GC(7) Using 1 workers of 1 for marking
[2023-07-25T07:15:55.225+0000][7][gc,marking  ] GC(7) Concurrent Mark From Roots 7.186ms
[2023-07-25T07:15:55.226+0000][7][gc,marking  ] GC(7) Concurrent Preclean
[2023-07-25T07:15:55.226+0000][7][gc,marking  ] GC(7) Concurrent Preclean 0.656ms
[2023-07-25T07:15:55.227+0000][7][gc,start    ] GC(7) Pause Remark
[2023-07-25T07:15:55.231+0000][7][gc          ] GC(7) Pause Remark 32M->32M(2048M) 3.530ms
[2023-07-25T07:15:55.232+0000][7][gc,cpu      ] GC(7) User=0.00s Sys=0.00s Real=0.00s
[2023-07-25T07:15:55.233+0000][7][safepoint   ] Safepoint "G1Concurrent", Time since last: 13207250 ns, Reaching safepoint: 214541 ns, At safepoint: 5257334 ns, Total: 5471875 ns
[2023-07-25T07:15:55.233+0000][7][gc,marking  ] GC(7) Concurrent Mark 17.023ms
[2023-07-25T07:15:55.234+0000][7][gc,marking  ] GC(7) Concurrent Rebuild Remembered Sets
[2023-07-25T07:15:55.238+0000][7][gc,marking  ] GC(7) Concurrent Rebuild Remembered Sets 4.468ms
[2023-07-25T07:15:55.239+0000][7][gc,start    ] GC(7) Pause Cleanup
[2023-07-25T07:15:55.241+0000][7][gc          ] GC(7) Pause Cleanup 42M->42M(2048M) 1.015ms
[2023-07-25T07:15:55.241+0000][7][gc,cpu      ] GC(7) User=0.00s Sys=0.00s Real=0.00s
[2023-07-25T07:15:55.242+0000][7][safepoint   ] Safepoint "G1Concurrent", Time since last: 6606416 ns, Reaching safepoint: 271292 ns, At safepoint: 3017333 ns, Total: 3288625 ns
[2023-07-25T07:15:55.243+0000][7][gc,marking  ] GC(7) Concurrent Cleanup for Next Mark
[2023-07-25T07:15:55.245+0000][7][gc,marking  ] GC(7) Concurrent Cleanup for Next Mark 1.512ms
[2023-07-25T07:15:55.245+0000][7][gc          ] GC(7) Concurrent Mark Cycle 34.794ms
[2023-07-25T07:15:55.823+0000][7][safepoint   ] Safepoint "ICBufferFull", Time since last: 580610084 ns, Reaching safepoint: 181875 ns, At safepoint: 3083 ns, Total: 184958 ns
[2023-07-25T07:15:55.937+0000][7][safepoint   ] Safepoint "ICBufferFull", Time since last: 113937125 ns, Reaching safepoint: 130167 ns, At safepoint: 2250 ns, Total: 132417 ns
[2023-07-25T07:15:56.135+0000][7][safepoint   ] Safepoint "ICBufferFull", Time since last: 197753167 ns, Reaching safepoint: 239500 ns, At safepoint: 23791 ns, Total: 263291 ns
[2023-07-25T07:15:56.429+0000][7][safepoint   ] Safepoint "ICBufferFull", Time since last: 293782917 ns, Reaching safepoint: 140500 ns, At safepoint: 8667 ns, Total: 149167 ns
[2023-07-25T07:15:56.805+0000][7][safepoint   ] Safepoint "ICBufferFull", Time since last: 375154792 ns, Reaching safepoint: 145291 ns, At safepoint: 11792 ns, Total: 157083 ns
[2023-07-25T07:15:56.933+0000][7][safepoint   ] Safepoint "ICBufferFull", Time since last: 128620708 ns, Reaching safepoint: 234250 ns, At safepoint: 15250 ns, Total: 249500 ns
[2023-07-25T07:15:56.964+0000][7][gc,start    ] GC(8) Pause Young (Concurrent Start) (Metadata GC Threshold)
[2023-07-25T07:15:56.966+0000][7][gc,task     ] GC(8) Using 2 workers of 2 for evacuation
[2023-07-25T07:15:56.967+0000][7][gc,age      ] GC(8) Desired survivor size 81788928 bytes, new threshold 15 (max threshold 15)
[2023-07-25T07:15:56.994+0000][7][gc,phases   ] GC(8)   Pre Evacuate Collection Set: 0.5ms
[2023-07-25T07:15:56.995+0000][7][gc,phases   ] GC(8)   Merge Heap Roots: 0.2ms
[2023-07-25T07:15:56.997+0000][7][gc,phases   ] GC(8)   Evacuate Collection Set: 23.7ms
[2023-07-25T07:15:56.998+0000][7][gc,phases   ] GC(8)   Post Evacuate Collection Set: 1.2ms
[2023-07-25T07:15:56.999+0000][7][gc,phases   ] GC(8)   Other: 2.5ms
[2023-07-25T07:15:57.000+0000][7][gc,age      ] GC(8) Age table with threshold 15 (max threshold 15)
[2023-07-25T07:15:57.002+0000][7][gc,age      ] GC(8) - age   1:   28168064 bytes,   28168064 total
[2023-07-25T07:15:57.002+0000][7][gc,age      ] GC(8) - age   2:    2672464 bytes,   30840528 total
[2023-07-25T07:15:57.004+0000][7][gc,age      ] GC(8) - age   3:     957160 bytes,   31797688 total
[2023-07-25T07:15:57.005+0000][7][gc,age      ] GC(8) - age   4:    2435288 bytes,   34232976 total
[2023-07-25T07:15:57.006+0000][7][gc,age      ] GC(8) - age   5:     683592 bytes,   34916568 total
[2023-07-25T07:15:57.007+0000][7][gc,age      ] GC(8) - age   6:    1870360 bytes,   36786928 total
[2023-07-25T07:15:57.008+0000][7][gc,age      ] GC(8) - age   7:    1655040 bytes,   38441968 total
[2023-07-25T07:15:57.008+0000][7][gc,heap     ] GC(8) Eden regions: 114->0(297)
[2023-07-25T07:15:57.009+0000][7][gc,heap     ] GC(8) Survivor regions: 3->10(39)
[2023-07-25T07:15:57.010+0000][7][gc,heap     ] GC(8) Old regions: 2->2
[2023-07-25T07:15:57.011+0000][7][gc,heap     ] GC(8) Archive regions: 2->2
[2023-07-25T07:15:57.012+0000][7][gc,heap     ] GC(8) Humongous regions: 0->0
[2023-07-25T07:15:57.013+0000][7][gc,metaspace] GC(8) Metaspace: 35012K(35968K)->35012K(35968K) NonClass: 30529K(31104K)->30529K(31104K) Class: 4482K(4864K)->4482K(4864K)
[2023-07-25T07:15:57.014+0000][7][gc          ] GC(8) Pause Young (Concurrent Start) (Metadata GC Threshold) 478M->49M(2048M) 49.418ms
[2023-07-25T07:15:57.015+0000][7][gc,cpu      ] GC(8) User=0.05s Sys=0.00s Real=0.05s
[2023-07-25T07:15:57.015+0000][7][gc          ] GC(9) Concurrent Mark Cycle
[2023-07-25T07:15:57.016+0000][7][gc,marking  ] GC(9) Concurrent Clear Claimed Marks
[2023-07-25T07:15:57.017+0000][7][safepoint   ] Safepoint "CollectForMetadataAllocation", Time since last: 30501417 ns, Reaching safepoint: 126000 ns, At safepoint: 53141583 ns, Total: 53267583 ns
[2023-07-25T07:15:57.018+0000][7][gc,marking  ] GC(9) Concurrent Clear Claimed Marks 1.170ms
[2023-07-25T07:15:57.019+0000][7][gc,marking  ] GC(9) Concurrent Scan Root Regions
[2023-07-25T07:15:57.030+0000][7][safepoint   ] Safepoint "CollectForMetadataAllocation", Time since last: 12531375 ns, Reaching safepoint: 112042 ns, At safepoint: 167167 ns, Total: 279209 ns
[2023-07-25T07:15:57.036+0000][7][gc,marking  ] GC(9) Concurrent Scan Root Regions 16.854ms
[2023-07-25T07:15:57.037+0000][7][gc,marking  ] GC(9) Concurrent Mark
[2023-07-25T07:15:57.038+0000][7][gc,marking  ] GC(9) Concurrent Mark From Roots
[2023-07-25T07:15:57.039+0000][7][gc,task     ] GC(9) Using 1 workers of 1 for marking
[2023-07-25T07:15:57.048+0000][7][safepoint   ] Safepoint "CollectForMetadataAllocation", Time since last: 17363791 ns, Reaching safepoint: 178709 ns, At safepoint: 48875 ns, Total: 227584 ns
[2023-07-25T07:15:57.048+0000][7][gc,marking  ] GC(9) Concurrent Mark From Roots 9.356ms
[2023-07-25T07:15:57.051+0000][7][gc,marking  ] GC(9) Concurrent Preclean
[2023-07-25T07:15:57.052+0000][7][gc,marking  ] GC(9) Concurrent Preclean 0.985ms
[2023-07-25T07:15:57.054+0000][7][gc,start    ] GC(9) Pause Remark
[2023-07-25T07:15:57.058+0000][7][gc          ] GC(9) Pause Remark 53M->53M(2048M) 3.995ms
[2023-07-25T07:15:57.059+0000][7][gc,cpu      ] GC(9) User=0.00s Sys=0.00s Real=0.01s
[2023-07-25T07:15:57.059+0000][7][safepoint   ] Safepoint "G1Concurrent", Time since last: 5671333 ns, Reaching safepoint: 253125 ns, At safepoint: 5795292 ns, Total: 6048417 ns
[2023-07-25T07:15:57.062+0000][7][gc,marking  ] GC(9) Concurrent Mark 24.722ms
[2023-07-25T07:15:57.063+0000][7][gc,marking  ] GC(9) Concurrent Rebuild Remembered Sets
[2023-07-25T07:15:57.068+0000][7][gc,marking  ] GC(9) Concurrent Rebuild Remembered Sets 4.552ms
[2023-07-25T07:15:57.069+0000][7][gc,start    ] GC(9) Pause Cleanup
[2023-07-25T07:15:57.070+0000][7][gc          ] GC(9) Pause Cleanup 53M->53M(2048M) 1.343ms
[2023-07-25T07:15:57.071+0000][7][gc,cpu      ] GC(9) User=0.00s Sys=0.00s Real=0.00s
[2023-07-25T07:15:57.072+0000][7][safepoint   ] Safepoint "G1Concurrent", Time since last: 9110416 ns, Reaching safepoint: 242375 ns, At safepoint: 3256250 ns, Total: 3498625 ns
[2023-07-25T07:15:57.072+0000][7][gc,marking  ] GC(9) Concurrent Cleanup for Next Mark
[2023-07-25T07:15:57.076+0000][7][gc,marking  ] GC(9) Concurrent Cleanup for Next Mark 3.731ms
[2023-07-25T07:15:57.077+0000][7][gc          ] GC(9) Concurrent Mark Cycle 62.619ms
[2023-07-25T07:15:57.203+0000][7][safepoint   ] Safepoint "ICBufferFull", Time since last: 132261250 ns, Reaching safepoint: 165584 ns, At safepoint: 8250 ns, Total: 173834 ns
[2023-07-25T07:15:57.584+0000][7][safepoint   ] Safepoint "ICBufferFull", Time since last: 381078250 ns, Reaching safepoint: 192166 ns, At safepoint: 14667 ns, Total: 206833 ns
[2023-07-25T07:15:58.111+0000][7][safepoint   ] Safepoint "ICBufferFull", Time since last: 527019917 ns, Reaching safepoint: 172958 ns, At safepoint: 6959 ns, Total: 179917 ns
[2023-07-25T07:15:58.206+0000][7][safepoint   ] Safepoint "ICBufferFull", Time since last: 94462375 ns, Reaching safepoint: 214416 ns, At safepoint: 11042 ns, Total: 225458 ns
[2023-07-25T07:15:58.441+0000][7][safepoint   ] Safepoint "ICBufferFull", Time since last: 234592167 ns, Reaching safepoint: 548791 ns, At safepoint: 13250 ns, Total: 562041 ns
[2023-07-25T07:15:58.487+0000][7][gc,start    ] GC(10) Pause Young (Concurrent Start) (Metadata GC Threshold)
[2023-07-25T07:15:58.489+0000][7][gc,task     ] GC(10) Using 2 workers of 2 for evacuation
[2023-07-25T07:15:58.490+0000][7][gc,age      ] GC(10) Desired survivor size 81788928 bytes, new threshold 15 (max threshold 15)
[2023-07-25T07:15:58.522+0000][7][gc,phases   ] GC(10)   Pre Evacuate Collection Set: 0.3ms
[2023-07-25T07:15:58.524+0000][7][gc,phases   ] GC(10)   Merge Heap Roots: 0.2ms
[2023-07-25T07:15:58.524+0000][7][gc,phases   ] GC(10)   Evacuate Collection Set: 27.6ms
[2023-07-25T07:15:58.526+0000][7][gc,phases   ] GC(10)   Post Evacuate Collection Set: 1.9ms
[2023-07-25T07:15:58.526+0000][7][gc,phases   ] GC(10)   Other: 3.1ms
[2023-07-25T07:15:58.528+0000][7][gc,age      ] GC(10) Age table with threshold 15 (max threshold 15)
[2023-07-25T07:15:58.529+0000][7][gc,age      ] GC(10) - age   1:   10788864 bytes,   10788864 total
[2023-07-25T07:15:58.530+0000][7][gc,age      ] GC(10) - age   2:   27783208 bytes,   38572072 total
[2023-07-25T07:15:58.531+0000][7][gc,age      ] GC(10) - age   3:    2644992 bytes,   41217064 total
[2023-07-25T07:15:58.532+0000][7][gc,age      ] GC(10) - age   4:     955464 bytes,   42172528 total
[2023-07-25T07:15:58.533+0000][7][gc,age      ] GC(10) - age   5:    2433920 bytes,   44606448 total
[2023-07-25T07:15:58.534+0000][7][gc,age      ] GC(10) - age   6:     676728 bytes,   45283176 total
[2023-07-25T07:15:58.534+0000][7][gc,age      ] GC(10) - age   7:    1866864 bytes,   47150040 total
[2023-07-25T07:15:58.536+0000][7][gc,age      ] GC(10) - age   8:    1646224 bytes,   48796264 total
[2023-07-25T07:15:58.537+0000][7][gc,heap     ] GC(10) Eden regions: 95->0(13)
[2023-07-25T07:15:58.538+0000][7][gc,heap     ] GC(10) Survivor regions: 10->12(39)
[2023-07-25T07:15:58.539+0000][7][gc,heap     ] GC(10) Old regions: 2->2
[2023-07-25T07:15:58.540+0000][7][gc,heap     ] GC(10) Archive regions: 2->2
[2023-07-25T07:15:58.541+0000][7][gc,heap     ] GC(10) Humongous regions: 0->0
[2023-07-25T07:15:58.542+0000][7][gc,metaspace] GC(10) Metaspace: 59851K(61120K)->59851K(61120K) NonClass: 51999K(52736K)->51999K(52736K) Class: 7851K(8384K)->7851K(8384K)
[2023-07-25T07:15:58.542+0000][7][gc          ] GC(10) Pause Young (Concurrent Start) (Metadata GC Threshold) 429M->59M(2048M) 55.014ms
[2023-07-25T07:15:58.544+0000][7][gc          ] GC(11) Concurrent Mark Cycle
[2023-07-25T07:15:58.544+0000][7][gc,marking  ] GC(11) Concurrent Clear Claimed Marks
[2023-07-25T07:15:58.545+0000][7][gc,marking  ] GC(11) Concurrent Clear Claimed Marks 0.684ms
[2023-07-25T07:15:58.546+0000][7][gc,marking  ] GC(11) Concurrent Scan Root Regions
[2023-07-25T07:15:58.544+0000][7][gc,cpu      ] GC(10) User=0.07s Sys=0.00s Real=0.05s
[2023-07-25T07:15:58.552+0000][7][safepoint   ] Safepoint "CollectForMetadataAllocation", Time since last: 46082334 ns, Reaching safepoint: 230166 ns, At safepoint: 64571959 ns, Total: 64802125 ns
[2023-07-25T07:15:58.567+0000][7][gc,marking  ] GC(11) Concurrent Scan Root Regions 20.810ms
[2023-07-25T07:15:58.568+0000][7][gc,marking  ] GC(11) Concurrent Mark
[2023-07-25T07:15:58.569+0000][7][gc,marking  ] GC(11) Concurrent Mark From Roots
[2023-07-25T07:15:58.570+0000][7][gc,task     ] GC(11) Using 1 workers of 1 for marking
[2023-07-25T07:15:58.572+0000][7][safepoint   ] Safepoint "CollectForMetadataAllocation", Time since last: 19248583 ns, Reaching safepoint: 243209 ns, At safepoint: 38750 ns, Total: 281959 ns
[2023-07-25T07:15:58.578+0000][7][gc,marking  ] GC(11) Concurrent Mark From Roots 9.668ms
[2023-07-25T07:15:58.580+0000][7][gc,marking  ] GC(11) Concurrent Preclean
[2023-07-25T07:15:58.581+0000][7][gc,marking  ] GC(11) Concurrent Preclean 1.094ms
[2023-07-25T07:15:58.582+0000][7][gc,start    ] GC(11) Pause Remark
[2023-07-25T07:15:58.587+0000][7][gc          ] GC(11) Pause Remark 61M->61M(2048M) 4.493ms
[2023-07-25T07:15:58.588+0000][7][gc,cpu      ] GC(11) User=0.01s Sys=0.00s Real=0.01s
[2023-07-25T07:15:58.588+0000][7][safepoint   ] Safepoint "G1Concurrent", Time since last: 10033875 ns, Reaching safepoint: 437000 ns, At safepoint: 6137500 ns, Total: 6574500 ns
[2023-07-25T07:15:58.589+0000][7][gc,marking  ] GC(11) Concurrent Mark 21.259ms
[2023-07-25T07:15:58.590+0000][7][gc,marking  ] GC(11) Concurrent Rebuild Remembered Sets
[2023-07-25T07:15:58.596+0000][7][gc,marking  ] GC(11) Concurrent Rebuild Remembered Sets 6.312ms
[2023-07-25T07:15:58.598+0000][7][gc,start    ] GC(11) Pause Cleanup
[2023-07-25T07:15:58.599+0000][7][gc          ] GC(11) Pause Cleanup 63M->63M(2048M) 1.227ms
[2023-07-25T07:15:58.600+0000][7][gc,cpu      ] GC(11) User=0.00s Sys=0.00s Real=0.00s
[2023-07-25T07:15:58.601+0000][7][safepoint   ] Safepoint "G1Concurrent", Time since last: 8909500 ns, Reaching safepoint: 527000 ns, At safepoint: 2932875 ns, Total: 3459875 ns
[2023-07-25T07:15:58.601+0000][7][gc,marking  ] GC(11) Concurrent Cleanup for Next Mark
[2023-07-25T07:15:58.603+0000][7][gc,marking  ] GC(11) Concurrent Cleanup for Next Mark 1.997ms
[2023-07-25T07:15:58.604+0000][7][gc          ] GC(11) Concurrent Mark Cycle 60.689ms
[2023-07-25T07:15:58.900+0000][7][gc,start    ] GC(12) Pause Young (Normal) (G1 Evacuation Pause)
[2023-07-25T07:15:58.901+0000][7][gc,task     ] GC(12) Using 2 workers of 2 for evacuation
[2023-07-25T07:15:58.903+0000][7][gc,age      ] GC(12) Desired survivor size 8388608 bytes, new threshold 1 (max threshold 15)
[2023-07-25T07:15:58.936+0000][7][gc,phases   ] GC(12)   Pre Evacuate Collection Set: 0.2ms
[2023-07-25T07:15:58.937+0000][7][gc,phases   ] GC(12)   Merge Heap Roots: 0.2ms
[2023-07-25T07:15:58.940+0000][7][gc,phases   ] GC(12)   Evacuate Collection Set: 30.0ms
[2023-07-25T07:15:58.940+0000][7][gc,phases   ] GC(12)   Post Evacuate Collection Set: 1.3ms
[2023-07-25T07:15:58.941+0000][7][gc,phases   ] GC(12)   Other: 2.6ms
[2023-07-25T07:15:58.942+0000][7][gc,age      ] GC(12) Age table with threshold 1 (max threshold 15)
[2023-07-25T07:15:58.944+0000][7][gc,age      ] GC(12) - age   1:    1751912 bytes,    1751912 total
[2023-07-25T07:15:58.944+0000][7][gc,heap     ] GC(12) Eden regions: 13->0(306)
[2023-07-25T07:15:58.946+0000][7][gc,heap     ] GC(12) Survivor regions: 12->1(4)
[2023-07-25T07:15:58.946+0000][7][gc,heap     ] GC(12) Old regions: 2->14
[2023-07-25T07:15:58.947+0000][7][gc,heap     ] GC(12) Archive regions: 2->2
[2023-07-25T07:15:58.948+0000][7][gc,heap     ] GC(12) Humongous regions: 0->0
[2023-07-25T07:15:58.949+0000][7][gc,metaspace] GC(12) Metaspace: 67337K(68736K)->67337K(68736K) NonClass: 58295K(59136K)->58295K(59136K) Class: 9041K(9600K)->9041K(9600K)
[2023-07-25T07:15:58.949+0000][7][gc          ] GC(12) Pause Young (Normal) (G1 Evacuation Pause) 111M->62M(2048M) 49.319ms
[2023-07-25T07:15:58.950+0000][7][gc,cpu      ] GC(12) User=0.07s Sys=0.00s Real=0.05s
[2023-07-25T07:15:58.951+0000][7][safepoint   ] Safepoint "G1CollectForAllocation", Time since last: 299019958 ns, Reaching safepoint: 267375 ns, At safepoint: 50890458 ns, Total: 51157833 ns
[2023-07-25T07:15:59.199+0000][7][safepoint   ] Safepoint "ICBufferFull", Time since last: 247591917 ns, Reaching safepoint: 278375 ns, At safepoint: 2709 ns, Total: 281084 ns
[2023-07-25T07:15:59.377+0000][7][safepoint   ] Safepoint "ICBufferFull", Time since last: 177669166 ns, Reaching safepoint: 249042 ns, At safepoint: 2750 ns, Total: 251792 ns
[2023-07-25T07:15:59.745+0000][7][safepoint   ] Safepoint "ICBufferFull", Time since last: 368516167 ns, Reaching safepoint: 153708 ns, At safepoint: 2333 ns, Total: 156041 ns
[2023-07-25T07:15:59.987+0000][7][safepoint   ] Safepoint "ICBufferFull", Time since last: 241707876 ns, Reaching safepoint: 439666 ns, At safepoint: 14750 ns, Total: 454416 ns
[2023-07-25T07:16:00.066+0000][7][safepoint   ] Safepoint "ICBufferFull", Time since last: 78842292 ns, Reaching safepoint: 226042 ns, At safepoint: 6750 ns, Total: 232792 ns
[2023-07-25T07:16:00.188+0000][7][safepoint   ] Safepoint "ICBufferFull", Time since last: 120859958 ns, Reaching safepoint: 263792 ns, At safepoint: 2291 ns, Total: 266083 ns
[2023-07-25T07:16:00.806+0000][7][safepoint   ] Safepoint "ICBufferFull", Time since last: 618219542 ns, Reaching safepoint: 627125 ns, At safepoint: 9334 ns, Total: 636459 ns
[2023-07-25T07:16:00.993+0000][7][safepoint   ] Safepoint "ICBufferFull", Time since last: 186738041 ns, Reaching safepoint: 297042 ns, At safepoint: 28792 ns, Total: 325834 ns
[2023-07-25T07:16:01.388+0000][7][safepoint   ] Safepoint "ICBufferFull", Time since last: 394361458 ns, Reaching safepoint: 228709 ns, At safepoint: 27333 ns, Total: 256042 ns
[2023-07-25T07:16:01.623+0000][7][safepoint   ] Safepoint "ICBufferFull", Time since last: 234987042 ns, Reaching safepoint: 315916 ns, At safepoint: 11584 ns, Total: 327500 ns
[2023-07-25T07:16:01.684+0000][7][safepoint   ] Safepoint "ICBufferFull", Time since last: 60327416 ns, Reaching safepoint: 357750 ns, At safepoint: 13500 ns, Total: 371250 ns
[2023-07-25T07:16:01.770+0000][7][safepoint   ] Safepoint "ICBufferFull", Time since last: 85724292 ns, Reaching safepoint: 304625 ns, At safepoint: 25917 ns, Total: 330542 ns
[2023-07-25T07:16:01.894+0000][7][safepoint   ] Safepoint "ICBufferFull", Time since last: 123394000 ns, Reaching safepoint: 234875 ns, At safepoint: 11916 ns, Total: 246791 ns
[2023-07-25T07:16:02.096+0000][7][safepoint   ] Safepoint "ICBufferFull", Time since last: 201806959 ns, Reaching safepoint: 448083 ns, At safepoint: 21375 ns, Total: 469458 ns
[2023-07-25T07:16:02.199+0000][7][safepoint   ] Safepoint "ICBufferFull", Time since last: 100166959 ns, Reaching safepoint: 2545875 ns, At safepoint: 44791 ns, Total: 2590666 ns
[2023-07-25T07:16:02.266+0000][7][gc,start    ] GC(13) Pause Young (Concurrent Start) (Metadata GC Threshold)
[2023-07-25T07:16:02.267+0000][7][gc,task     ] GC(13) Using 2 workers of 2 for evacuation
[2023-07-25T07:16:02.268+0000][7][gc,age      ] GC(13) Desired survivor size 79691776 bytes, new threshold 15 (max threshold 15)
[2023-07-25T07:16:02.310+0000][7][gc,phases   ] GC(13)   Pre Evacuate Collection Set: 0.5ms
[2023-07-25T07:16:02.312+0000][7][gc,phases   ] GC(13)   Merge Heap Roots: 0.3ms
[2023-07-25T07:16:02.313+0000][7][gc,phases   ] GC(13)   Evacuate Collection Set: 37.7ms
[2023-07-25T07:16:02.314+0000][7][gc,phases   ] GC(13)   Post Evacuate Collection Set: 1.9ms
[2023-07-25T07:16:02.315+0000][7][gc,phases   ] GC(13)   Other: 2.3ms
[2023-07-25T07:16:02.315+0000][7][gc,age      ] GC(13) Age table with threshold 15 (max threshold 15)
[2023-07-25T07:16:02.316+0000][7][gc,age      ] GC(13) - age   1:   48059592 bytes,   48059592 total
[2023-07-25T07:16:02.317+0000][7][gc,age      ] GC(13) - age   2:    1637424 bytes,   49697016 total
[2023-07-25T07:16:02.318+0000][7][gc,heap     ] GC(13) Eden regions: 87->0(13)
[2023-07-25T07:16:02.319+0000][7][gc,heap     ] GC(13) Survivor regions: 1->12(38)
[2023-07-25T07:16:02.320+0000][7][gc,heap     ] GC(13) Old regions: 14->14
[2023-07-25T07:16:02.321+0000][7][gc,heap     ] GC(13) Archive regions: 2->2
[2023-07-25T07:16:02.322+0000][7][gc,heap     ] GC(13) Humongous regions: 2->2
[2023-07-25T07:16:02.322+0000][7][gc,metaspace] GC(13) Metaspace: 99844K(102656K)->99844K(102656K) NonClass: 86078K(87488K)->86078K(87488K) Class: 13765K(15168K)->13765K(15168K)
[2023-07-25T07:16:02.323+0000][7][gc          ] GC(13) Pause Young (Concurrent Start) (Metadata GC Threshold) 418M->114M(2048M) 56.723ms
[2023-07-25T07:16:02.324+0000][7][gc,cpu      ] GC(13) User=0.09s Sys=0.00s Real=0.05s
[2023-07-25T07:16:02.324+0000][7][gc          ] GC(14) Concurrent Mark Cycle
[2023-07-25T07:16:02.328+0000][7][gc,marking  ] GC(14) Concurrent Clear Claimed Marks
[2023-07-25T07:16:02.325+0000][7][safepoint   ] Safepoint "CollectForMetadataAllocation", Time since last: 66977834 ns, Reaching safepoint: 629958 ns, At safepoint: 58850750 ns, Total: 59480708 ns
[2023-07-25T07:16:02.329+0000][7][gc,marking  ] GC(14) Concurrent Clear Claimed Marks 1.264ms
[2023-07-25T07:16:02.330+0000][7][gc,marking  ] GC(14) Concurrent Scan Root Regions
[2023-07-25T07:16:02.344+0000][7][safepoint   ] Safepoint "CollectForMetadataAllocation", Time since last: 18885250 ns, Reaching safepoint: 224375 ns, At safepoint: 51208 ns, Total: 275583 ns
[2023-07-25T07:16:02.373+0000][7][safepoint   ] Safepoint "CollectForMetadataAllocation", Time since last: 28113917 ns, Reaching safepoint: 449917 ns, At safepoint: 55041 ns, Total: 504958 ns
[2023-07-25T07:16:02.376+0000][7][gc,marking  ] GC(14) Concurrent Scan Root Regions 46.203ms
[2023-07-25T07:16:02.377+0000][7][gc,marking  ] GC(14) Concurrent Mark
[2023-07-25T07:16:02.378+0000][7][gc,marking  ] GC(14) Concurrent Mark From Roots
[2023-07-25T07:16:02.380+0000][7][gc,task     ] GC(14) Using 1 workers of 1 for marking
[2023-07-25T07:16:02.386+0000][7][safepoint   ] Safepoint "CollectForMetadataAllocation", Time since last: 11586334 ns, Reaching safepoint: 977250 ns, At safepoint: 117000 ns, Total: 1094250 ns
[2023-07-25T07:16:02.409+0000][7][safepoint   ] Safepoint "CollectForMetadataAllocation", Time since last: 22172458 ns, Reaching safepoint: 716542 ns, At safepoint: 79041 ns, Total: 795583 ns
[2023-07-25T07:16:02.478+0000][7][safepoint   ] Safepoint "CollectForMetadataAllocation", Time since last: 68926167 ns, Reaching safepoint: 339000 ns, At safepoint: 120250 ns, Total: 459250 ns
[2023-07-25T07:16:02.502+0000][7][gc,marking  ] GC(14) Concurrent Mark From Roots 123.313ms
[2023-07-25T07:16:02.503+0000][7][gc,marking  ] GC(14) Concurrent Preclean
[2023-07-25T07:16:02.504+0000][7][gc,marking  ] GC(14) Concurrent Preclean 1.135ms
[2023-07-25T07:16:02.505+0000][7][gc,start    ] GC(14) Pause Remark
[2023-07-25T07:16:02.510+0000][7][gc          ] GC(14) Pause Remark 142M->142M(2048M) 4.484ms
[2023-07-25T07:16:02.511+0000][7][gc,cpu      ] GC(14) User=0.00s Sys=0.00s Real=0.00s
[2023-07-25T07:16:02.512+0000][7][safepoint   ] Safepoint "G1Concurrent", Time since last: 26552625 ns, Reaching safepoint: 486167 ns, At safepoint: 6937291 ns, Total: 7423458 ns
[2023-07-25T07:16:02.513+0000][7][gc,marking  ] GC(14) Concurrent Mark 135.790ms
[2023-07-25T07:16:02.514+0000][7][gc,marking  ] GC(14) Concurrent Rebuild Remembered Sets
[2023-07-25T07:16:02.583+0000][7][gc,marking  ] GC(14) Concurrent Rebuild Remembered Sets 69.663ms
[2023-07-25T07:16:02.585+0000][7][gc,start    ] GC(14) Pause Cleanup
[2023-07-25T07:16:02.586+0000][7][gc          ] GC(14) Pause Cleanup 146M->146M(2048M) 1.601ms
[2023-07-25T07:16:02.587+0000][7][gc,cpu      ] GC(14) User=0.00s Sys=0.00s Real=0.00s
[2023-07-25T07:16:02.588+0000][7][safepoint   ] Safepoint "G1Concurrent", Time since last: 72433750 ns, Reaching safepoint: 69959 ns, At safepoint: 3622583 ns, Total: 3692542 ns
[2023-07-25T07:16:02.589+0000][7][gc,marking  ] GC(14) Concurrent Cleanup for Next Mark
[2023-07-25T07:16:02.592+0000][7][gc,marking  ] GC(14) Concurrent Cleanup for Next Mark 2.411ms
[2023-07-25T07:16:02.593+0000][7][gc          ] GC(14) Concurrent Mark Cycle 268.856ms
[2023-07-25T07:16:03.023+0000][7][safepoint   ] Safepoint "ICBufferFull", Time since last: 434493917 ns, Reaching safepoint: 401250 ns, At safepoint: 52333 ns, Total: 453583 ns
[2023-07-25T07:16:03.241+0000][7][gc,start    ] GC(15) Pause Young (Normal) (G1 Evacuation Pause)
[2023-07-25T07:16:03.242+0000][7][gc,task     ] GC(15) Using 2 workers of 2 for evacuation
[2023-07-25T07:16:03.243+0000][7][gc,age      ] GC(15) Desired survivor size 8388608 bytes, new threshold 1 (max threshold 15)
[2023-07-25T07:16:03.277+0000][7][gc,phases   ] GC(15)   Pre Evacuate Collection Set: 0.2ms
[2023-07-25T07:16:03.279+0000][7][gc,phases   ] GC(15)   Merge Heap Roots: 0.3ms
[2023-07-25T07:16:03.280+0000][7][gc,phases   ] GC(15)   Evacuate Collection Set: 31.6ms
[2023-07-25T07:16:03.281+0000][7][gc,phases   ] GC(15)   Post Evacuate Collection Set: 1.4ms
[2023-07-25T07:16:03.282+0000][7][gc,phases   ] GC(15)   Other: 2.0ms
[2023-07-25T07:16:03.283+0000][7][gc,age      ] GC(15) Age table with threshold 1 (max threshold 15)
[2023-07-25T07:16:03.283+0000][7][gc,age      ] GC(15) - age   1:    3768392 bytes,    3768392 total
[2023-07-25T07:16:03.284+0000][7][gc,heap     ] GC(15) Eden regions: 17->0(305)
[2023-07-25T07:16:03.285+0000][7][gc,heap     ] GC(15) Survivor regions: 12->2(4)
[2023-07-25T07:16:03.286+0000][7][gc,heap     ] GC(15) Old regions: 14->26
[2023-07-25T07:16:03.287+0000][7][gc,heap     ] GC(15) Archive regions: 2->2
[2023-07-25T07:16:03.287+0000][7][gc,heap     ] GC(15) Humongous regions: 2->2
[2023-07-25T07:16:03.289+0000][7][gc,metaspace] GC(15) Metaspace: 101859K(104704K)->101859K(104704K) NonClass: 87806K(89280K)->87806K(89280K) Class: 14052K(15424K)->14052K(15424K)
[2023-07-25T07:16:03.290+0000][7][gc          ] GC(15) Pause Young (Normal) (G1 Evacuation Pause) 182M->119M(2048M) 48.814ms
[2023-07-25T07:16:03.291+0000][7][gc,cpu      ] GC(15) User=0.07s Sys=0.00s Real=0.05s
[2023-07-25T07:16:03.292+0000][7][safepoint   ] Safepoint "G1CollectForAllocation", Time since last: 216909334 ns, Reaching safepoint: 689208 ns, At safepoint: 51735750 ns, Total: 52424958 ns
[2023-07-25T07:16:03.465+0000][7][safepoint   ] Safepoint "ICBufferFull", Time since last: 172443667 ns, Reaching safepoint: 191417 ns, At safepoint: 4083 ns, Total: 195500 ns
[2023-07-25T07:16:04.467+0000][7][safepoint   ] Safepoint "Cleanup", Time since last: 1001000709 ns, Reaching safepoint: 495708 ns, At safepoint: 3708 ns, Total: 499416 ns
[2023-07-25T07:16:04.514+0000][7][safepoint   ] Safepoint "ICBufferFull", Time since last: 47399375 ns, Reaching safepoint: 203750 ns, At safepoint: 3625 ns, Total: 207375 ns
[2023-07-25T07:16:05.082+0000][7][safepoint   ] Safepoint "ICBufferFull", Time since last: 567013709 ns, Reaching safepoint: 511583 ns, At safepoint: 14834 ns, Total: 526417 ns
[2023-07-25T07:16:06.083+0000][7][safepoint   ] Safepoint "Cleanup", Time since last: 1001025875 ns, Reaching safepoint: 144500 ns, At safepoint: 8125 ns, Total: 152625 ns
[2023-07-25T07:16:06.991+0000][7][safepoint   ] Safepoint "ICBufferFull", Time since last: 907705709 ns, Reaching safepoint: 454792 ns, At safepoint: 88875 ns, Total: 543667 ns
[2023-07-25T07:16:07.166+0000][7][safepoint   ] Safepoint "ICBufferFull", Time since last: 174032500 ns, Reaching safepoint: 378541 ns, At safepoint: 16209 ns, Total: 394750 ns
[2023-07-25T07:16:07.851+0000][7][safepoint   ] Safepoint "ICBufferFull", Time since last: 685430208 ns, Reaching safepoint: 395834 ns, At safepoint: 11750 ns, Total: 407584 ns
[2023-07-25T07:16:08.854+0000][7][safepoint   ] Safepoint "Cleanup", Time since last: 1001952000 ns, Reaching safepoint: 378667 ns, At safepoint: 10791 ns, Total: 389458 ns
[2023-07-25T07:16:09.863+0000][7][safepoint   ] Safepoint "Cleanup", Time since last: 1008691709 ns, Reaching safepoint: 159250 ns, At safepoint: 4584 ns, Total: 163834 ns
[2023-07-25T07:16:09.980+0000][7][safepoint   ] Safepoint "ICBufferFull", Time since last: 117225750 ns, Reaching safepoint: 249083 ns, At safepoint: 35292 ns, Total: 284375 ns
[2023-07-25T07:16:10.255+0000][7][safepoint   ] Safepoint "ICBufferFull", Time since last: 274045000 ns, Reaching safepoint: 311666 ns, At safepoint: 9000 ns, Total: 320666 ns
[2023-07-25T07:16:10.362+0000][7][safepoint   ] Safepoint "ICBufferFull", Time since last: 107379125 ns, Reaching safepoint: 343084 ns, At safepoint: 15000 ns, Total: 358084 ns
[2023-07-25T07:16:10.754+0000][7][safepoint   ] Safepoint "ICBufferFull", Time since last: 391449333 ns, Reaching safepoint: 187209 ns, At safepoint: 3000 ns, Total: 190209 ns
[2023-07-25T07:16:11.760+0000][7][safepoint   ] Safepoint "Cleanup", Time since last: 1005707333 ns, Reaching safepoint: 197959 ns, At safepoint: 5333 ns, Total: 203292 ns
[2023-07-25T07:16:12.763+0000][7][safepoint   ] Safepoint "Cleanup", Time since last: 1002827084 ns, Reaching safepoint: 334667 ns, At safepoint: 11250 ns, Total: 345917 ns
[2023-07-25T07:16:13.773+0000][7][safepoint   ] Safepoint "Cleanup", Time since last: 1009318250 ns, Reaching safepoint: 768875 ns, At safepoint: 10000 ns, Total: 778875 ns
[2023-07-25T07:16:14.780+0000][7][safepoint   ] Safepoint "Cleanup", Time since last: 1006663042 ns, Reaching safepoint: 167292 ns, At safepoint: 4625 ns, Total: 171917 ns
[2023-07-25T07:16:16.228+0000][7][safepoint   ] Safepoint "Cleanup", Time since last: 1448370751 ns, Reaching safepoint: 162416 ns, At safepoint: 11292 ns, Total: 173708 ns
[2023-07-25T07:16:16.646+0000][7][safepoint   ] Safepoint "ICBufferFull", Time since last: 416830667 ns, Reaching safepoint: 232708 ns, At safepoint: 3458 ns, Total: 236166 ns
[2023-07-25T07:16:17.916+0000][7][safepoint   ] Safepoint "Cleanup", Time since last: 1269717126 ns, Reaching safepoint: 271750 ns, At safepoint: 5917 ns, Total: 277667 ns
[2023-07-25T07:16:18.917+0000][7][safepoint   ] Safepoint "Cleanup", Time since last: 1000995667 ns, Reaching safepoint: 343667 ns, At safepoint: 8833 ns, Total: 352500 ns
[2023-07-25T07:16:19.924+0000][7][safepoint   ] Safepoint "Cleanup", Time since last: 1006415125 ns, Reaching safepoint: 983292 ns, At safepoint: 13250 ns, Total: 996542 ns
[2023-07-25T07:16:22.342+0000][7][safepoint   ] Safepoint "ICBufferFull", Time since last: 2417171918 ns, Reaching safepoint: 483958 ns, At safepoint: 5042 ns, Total: 489000 ns
[2023-07-25T07:16:23.346+0000][7][safepoint   ] Safepoint "Cleanup", Time since last: 1003834084 ns, Reaching safepoint: 253125 ns, At safepoint: 4125 ns, Total: 257250 ns
[2023-07-25T07:16:25.349+0000][7][safepoint   ] Safepoint "Cleanup", Time since last: 2002389459 ns, Reaching safepoint: 397958 ns, At safepoint: 10417 ns, Total: 408375 ns
[2023-07-25T07:16:26.364+0000][7][safepoint   ] Safepoint "Cleanup", Time since last: 1014612042 ns, Reaching safepoint: 106708 ns, At safepoint: 6042 ns, Total: 112750 ns
[2023-07-25T07:16:27.370+0000][7][safepoint   ] Safepoint "Cleanup", Time since last: 1006203709 ns, Reaching safepoint: 151125 ns, At safepoint: 3750 ns, Total: 154875 ns
[2023-07-25T07:16:28.374+0000][7][safepoint   ] Safepoint "Cleanup", Time since last: 1004075208 ns, Reaching safepoint: 157709 ns, At safepoint: 4583 ns, Total: 162292 ns
[2023-07-25T07:16:29.375+0000][7][safepoint   ] Safepoint "Cleanup", Time since last: 1001052042 ns, Reaching safepoint: 82584 ns, At safepoint: 3500 ns, Total: 86084 ns
[2023-07-25T07:16:30.381+0000][7][safepoint   ] Safepoint "Cleanup", Time since last: 1005238292 ns, Reaching safepoint: 572750 ns, At safepoint: 12083 ns, Total: 584833 ns
[2023-07-25T07:16:31.411+0000][7][safepoint   ] Safepoint "Cleanup", Time since last: 1029103126 ns, Reaching safepoint: 700041 ns, At safepoint: 10959 ns, Total: 711000 ns
[2023-07-25T07:16:32.421+0000][7][safepoint   ] Safepoint "Cleanup", Time since last: 1009846583 ns, Reaching safepoint: 365709 ns, At safepoint: 11708 ns, Total: 377417 ns
[2023-07-25T07:16:33.429+0000][7][safepoint   ] Safepoint "Cleanup", Time since last: 1007555126 ns, Reaching safepoint: 283000 ns, At safepoint: 12916 ns, Total: 295916 ns
[2023-07-25T07:16:34.436+0000][7][safepoint   ] Safepoint "Cleanup", Time since last: 1007092459 ns, Reaching safepoint: 167583 ns, At safepoint: 3250 ns, Total: 170833 ns
[2023-07-25T07:16:35.444+0000][7][safepoint   ] Safepoint "Cleanup", Time since last: 1006957209 ns, Reaching safepoint: 567042 ns, At safepoint: 11666 ns, Total: 578708 ns
[2023-07-25T07:16:36.453+0000][7][safepoint   ] Safepoint "Cleanup", Time since last: 1009111418 ns, Reaching safepoint: 566666 ns, At safepoint: 13000 ns, Total: 579666 ns
[2023-07-25T07:16:37.463+0000][7][safepoint   ] Safepoint "Cleanup", Time since last: 1008727501 ns, Reaching safepoint: 683666 ns, At safepoint: 13542 ns, Total: 697208 ns
[2023-07-25T07:16:38.471+0000][7][safepoint   ] Safepoint "Cleanup", Time since last: 1007598376 ns, Reaching safepoint: 472708 ns, At safepoint: 16792 ns, Total: 489500 ns
[2023-07-25T07:16:39.480+0000][7][safepoint   ] Safepoint "Cleanup", Time since last: 1009016958 ns, Reaching safepoint: 353834 ns, At safepoint: 9458 ns, Total: 363292 ns
[2023-07-25T07:16:40.492+0000][7][safepoint   ] Safepoint "Cleanup", Time since last: 1011184959 ns, Reaching safepoint: 294625 ns, At safepoint: 6125 ns, Total: 300750 ns
[2023-07-25T07:16:41.499+0000][7][safepoint   ] Safepoint "Cleanup", Time since last: 1006572667 ns, Reaching safepoint: 373417 ns, At safepoint: 12208 ns, Total: 385625 ns
[2023-07-25T07:16:42.516+0000][7][safepoint   ] Safepoint "Cleanup", Time since last: 1016823626 ns, Reaching safepoint: 795125 ns, At safepoint: 11583 ns, Total: 806708 ns
[2023-07-25T07:16:43.527+0000][7][safepoint   ] Safepoint "Cleanup", Time since last: 1009775750 ns, Reaching safepoint: 566959 ns, At safepoint: 10916 ns, Total: 577875 ns
[2023-07-25T07:16:45.502+0000][7][safepoint   ] Safepoint "Cleanup", Time since last: 1975085835 ns, Reaching safepoint: 350875 ns, At safepoint: 13791 ns, Total: 364666 ns
[2023-07-25T07:16:46.334+0000][7][safepoint   ] Safepoint "ICBufferFull", Time since last: 831806917 ns, Reaching safepoint: 160750 ns, At safepoint: 29042 ns, Total: 189792 ns
[2023-07-25T07:16:47.336+0000][7][safepoint   ] Safepoint "Cleanup", Time since last: 1001029209 ns, Reaching safepoint: 499125 ns, At safepoint: 6416 ns, Total: 505541 ns
[2023-07-25T07:16:48.338+0000][7][safepoint   ] Safepoint "Cleanup", Time since last: 1002469418 ns, Reaching safepoint: 364708 ns, At safepoint: 14000 ns, Total: 378708 ns
[2023-07-25T07:16:49.350+0000][7][safepoint   ] Safepoint "Cleanup", Time since last: 1010763167 ns, Reaching safepoint: 594833 ns, At safepoint: 15875 ns, Total: 610708 ns
[2023-07-25T07:16:52.364+0000][7][safepoint   ] Safepoint "Cleanup", Time since last: 3013979085 ns, Reaching safepoint: 117167 ns, At safepoint: 4833 ns, Total: 122000 ns
[2023-07-25T07:16:53.366+0000][7][safepoint   ] Safepoint "Cleanup", Time since last: 1001860792 ns, Reaching safepoint: 390167 ns, At safepoint: 7667 ns, Total: 397834 ns
[2023-07-25T07:16:54.373+0000][7][safepoint   ] Safepoint "Cleanup", Time since last: 1006752750 ns, Reaching safepoint: 347875 ns, At safepoint: 10542 ns, Total: 358417 ns
[2023-07-25T07:16:55.389+0000][7][safepoint   ] Safepoint "Cleanup", Time since last: 1014972709 ns, Reaching safepoint: 403416 ns, At safepoint: 9042 ns, Total: 412458 ns
[2023-07-25T07:16:57.398+0000][7][safepoint   ] Safepoint "Cleanup", Time since last: 2008808500 ns, Reaching safepoint: 621459 ns, At safepoint: 245500 ns, Total: 866959 ns
[2023-07-25T07:16:58.407+0000][7][safepoint   ] Safepoint "Cleanup", Time since last: 1008348875 ns, Reaching safepoint: 179167 ns, At safepoint: 5458 ns, Total: 184625 ns
[2023-07-25T07:16:59.409+0000][7][safepoint   ] Safepoint "Cleanup", Time since last: 1001669001 ns, Reaching safepoint: 373791 ns, At safepoint: 10500 ns, Total: 384291 ns
[2023-07-25T07:17:00.429+0000][7][safepoint   ] Safepoint "Cleanup", Time since last: 1018747542 ns, Reaching safepoint: 782250 ns, At safepoint: 9459 ns, Total: 791709 ns
[2023-07-25T07:17:01.443+0000][7][safepoint   ] Safepoint "Cleanup", Time since last: 1013375709 ns, Reaching safepoint: 589041 ns, At safepoint: 12709 ns, Total: 601750 ns
[2023-07-25T07:17:02.466+0000][7][safepoint   ] Safepoint "Cleanup", Time since last: 1022358792 ns, Reaching safepoint: 875083 ns, At safepoint: 10542 ns, Total: 885625 ns
[2023-07-25T07:17:03.476+0000][7][safepoint   ] Safepoint "Cleanup", Time since last: 1009304125 ns, Reaching safepoint: 676334 ns, At safepoint: 7875 ns, Total: 684209 ns
[2023-07-25T07:17:04.479+0000][7][safepoint   ] Safepoint "Cleanup", Time since last: 1003313375 ns, Reaching safepoint: 232083 ns, At safepoint: 5959 ns, Total: 238042 ns
[2023-07-25T07:17:05.481+0000][7][safepoint   ] Safepoint "Cleanup", Time since last: 1001972708 ns, Reaching safepoint: 107792 ns, At safepoint: 17917 ns, Total: 125709 ns
[2023-07-25T07:17:06.486+0000][7][safepoint   ] Safepoint "Cleanup", Time since last: 1004280875 ns, Reaching safepoint: 652334 ns, At safepoint: 12125 ns, Total: 664459 ns
[2023-07-25T07:17:07.028+0000][7][safepoint   ] Safepoint "ICBufferFull", Time since last: 541322708 ns, Reaching safepoint: 223125 ns, At safepoint: 13709 ns, Total: 236834 ns
[2023-07-25T07:17:08.034+0000][7][safepoint   ] Safepoint "Cleanup", Time since last: 1003385833 ns, Reaching safepoint: 2591584 ns, At safepoint: 12125 ns, Total: 2603709 ns
[2023-07-25T07:17:10.042+0000][7][safepoint   ] Safepoint "Cleanup", Time since last: 2008282001 ns, Reaching safepoint: 241041 ns, At safepoint: 1667 ns, Total: 242708 ns
[2023-07-25T07:17:10.784+0000][7][safepoint   ] Safepoint "ICBufferFull", Time since last: 740903792 ns, Reaching safepoint: 169917 ns, At safepoint: 15208 ns, Total: 185125 ns
[2023-07-25T07:17:11.785+0000][7][safepoint   ] Safepoint "Cleanup", Time since last: 1000816876 ns, Reaching safepoint: 164875 ns, At safepoint: 7541 ns, Total: 172416 ns
[2023-07-25T07:17:12.787+0000][7][safepoint   ] Safepoint "Cleanup", Time since last: 1001852251 ns, Reaching safepoint: 291291 ns, At safepoint: 13042 ns, Total: 304333 ns
[2023-07-25T07:17:13.798+0000][7][safepoint   ] Safepoint "Cleanup", Time since last: 1010426417 ns, Reaching safepoint: 874000 ns, At safepoint: 5125 ns, Total: 879125 ns
[2023-07-25T07:17:14.805+0000][7][safepoint   ] Safepoint "Cleanup", Time since last: 1006422501 ns, Reaching safepoint: 210958 ns, At safepoint: 4583 ns, Total: 215541 ns
[2023-07-25T07:17:16.811+0000][7][safepoint   ] Safepoint "Cleanup", Time since last: 2004698418 ns, Reaching safepoint: 1939833 ns, At safepoint: 24584 ns, Total: 1964417 ns
[2023-07-25T07:17:17.829+0000][7][safepoint   ] Safepoint "Cleanup", Time since last: 1017036875 ns, Reaching safepoint: 393125 ns, At safepoint: 12583 ns, Total: 405708 ns
[2023-07-25T07:17:19.851+0000][7][safepoint   ] Safepoint "Cleanup", Time since last: 2021790418 ns, Reaching safepoint: 135750 ns, At safepoint: 7208 ns, Total: 142958 ns
[2023-07-25T07:17:22.858+0000][7][safepoint   ] Safepoint "Cleanup", Time since last: 3007116543 ns, Reaching safepoint: 227042 ns, At safepoint: 5042 ns, Total: 232084 ns
[2023-07-25T07:17:24.863+0000][7][safepoint   ] Safepoint "Cleanup", Time since last: 2004344917 ns, Reaching safepoint: 289667 ns, At safepoint: 6375 ns, Total: 296042 ns
[2023-07-25T07:17:25.867+0000][7][safepoint   ] Safepoint "Cleanup", Time since last: 1004088417 ns, Reaching safepoint: 731125 ns, At safepoint: 9292 ns, Total: 740417 ns
[2023-07-25T07:17:27.879+0000][7][safepoint   ] Safepoint "Cleanup", Time since last: 2010824084 ns, Reaching safepoint: 317000 ns, At safepoint: 11958 ns, Total: 328958 ns
[2023-07-25T07:17:29.200+0000][7][safepoint   ] Safepoint "Cleanup", Time since last: 1320755709 ns, Reaching safepoint: 744083 ns, At safepoint: 12125 ns, Total: 756208 ns
[2023-07-25T07:17:30.209+0000][7][safepoint   ] Safepoint "Cleanup", Time since last: 1008643459 ns, Reaching safepoint: 484250 ns, At safepoint: 10333 ns, Total: 494583 ns
[2023-07-25T07:17:31.224+0000][7][safepoint   ] Safepoint "Cleanup", Time since last: 1014108584 ns, Reaching safepoint: 1048042 ns, At safepoint: 11750 ns, Total: 1059792 ns
[2023-07-25T07:17:32.236+0000][7][safepoint   ] Safepoint "Cleanup", Time since last: 1010843625 ns, Reaching safepoint: 334917 ns, At safepoint: 7625 ns, Total: 342542 ns
[2023-07-25T07:17:34.242+0000][7][safepoint   ] Safepoint "Cleanup", Time since last: 2006090001 ns, Reaching safepoint: 226833 ns, At safepoint: 4792 ns, Total: 231625 ns
[2023-07-25T07:17:35.248+0000][7][safepoint   ] Safepoint "Cleanup", Time since last: 1005409084 ns, Reaching safepoint: 796166 ns, At safepoint: 11750 ns, Total: 807916 ns
[2023-07-25T07:17:36.251+0000][7][safepoint   ] Safepoint "Cleanup", Time since last: 1002814918 ns, Reaching safepoint: 387583 ns, At safepoint: 15542 ns, Total: 403125 ns
[2023-07-25T07:17:37.262+0000][7][safepoint   ] Safepoint "Cleanup", Time since last: 1009622667 ns, Reaching safepoint: 609375 ns, At safepoint: 10958 ns, Total: 620333 ns
[2023-07-25T07:17:40.275+0000][7][safepoint   ] Safepoint "Cleanup", Time since last: 3013518918 ns, Reaching safepoint: 175708 ns, At safepoint: 8375 ns, Total: 184083 ns
[2023-07-25T07:17:41.282+0000][7][safepoint   ] Safepoint "Cleanup", Time since last: 1006413251 ns, Reaching safepoint: 290500 ns, At safepoint: 10500 ns, Total: 301000 ns
[2023-07-25T07:17:42.292+0000][7][safepoint   ] Safepoint "Cleanup", Time since last: 1009543750 ns, Reaching safepoint: 352500 ns, At safepoint: 15334 ns, Total: 367834 ns
[2023-07-25T07:17:43.319+0000][7][safepoint   ] Safepoint "Cleanup", Time since last: 1026181917 ns, Reaching safepoint: 429583 ns, At safepoint: 13584 ns, Total: 443167 ns
[2023-07-25T07:17:45.329+0000][7][safepoint   ] Safepoint "Cleanup", Time since last: 2009938251 ns, Reaching safepoint: 300541 ns, At safepoint: 10792 ns, Total: 311333 ns
[2023-07-25T07:17:46.334+0000][7][safepoint   ] Safepoint "Cleanup", Time since last: 1005050292 ns, Reaching safepoint: 274417 ns, At safepoint: 16875 ns, Total: 291292 ns
[2023-07-25T07:17:47.337+0000][7][safepoint   ] Safepoint "Cleanup", Time since last: 1002334750 ns, Reaching safepoint: 375500 ns, At safepoint: 14250 ns, Total: 389750 ns
[2023-07-25T07:17:49.351+0000][7][safepoint   ] Safepoint "Cleanup", Time since last: 2011218834 ns, Reaching safepoint: 2496125 ns, At safepoint: 29084 ns, Total: 2525209 ns
[2023-07-25T07:17:51.360+0000][7][safepoint   ] Safepoint "Cleanup", Time since last: 2009249126 ns, Reaching safepoint: 317000 ns, At safepoint: 9541 ns, Total: 326541 ns
[2023-07-25T07:17:52.369+0000][7][safepoint   ] Safepoint "Cleanup", Time since last: 1008378043 ns, Reaching safepoint: 526916 ns, At safepoint: 16500 ns, Total: 543416 ns
[2023-07-25T07:17:53.375+0000][7][safepoint   ] Safepoint "Cleanup", Time since last: 1005364334 ns, Reaching safepoint: 158750 ns, At safepoint: 6042 ns, Total: 164792 ns
[2023-07-25T07:17:55.387+0000][7][safepoint   ] Safepoint "Cleanup", Time since last: 2008019667 ns, Reaching safepoint: 4505084 ns, At safepoint: 41083 ns, Total: 4546167 ns
[2023-07-25T07:17:57.408+0000][7][safepoint   ] Safepoint "Cleanup", Time since last: 2020165875 ns, Reaching safepoint: 276500 ns, At safepoint: 8208 ns, Total: 284708 ns
[2023-07-25T07:17:58.428+0000][7][safepoint   ] Safepoint "Cleanup", Time since last: 1019479709 ns, Reaching safepoint: 360583 ns, At safepoint: 13000 ns, Total: 373583 ns
[2023-07-25T07:17:59.429+0000][7][safepoint   ] Safepoint "Cleanup", Time since last: 1001106084 ns, Reaching safepoint: 69167 ns, At safepoint: 32958 ns, Total: 102125 ns
[2023-07-25T07:18:00.432+0000][7][safepoint   ] Safepoint "Cleanup", Time since last: 1001998334 ns, Reaching safepoint: 694000 ns, At safepoint: 10000 ns, Total: 704000 ns
[2023-07-25T07:18:01.439+0000][7][safepoint   ] Safepoint "Cleanup", Time since last: 1006563792 ns, Reaching safepoint: 640792 ns, At safepoint: 15083 ns, Total: 655875 ns
[2023-07-25T07:18:02.446+0000][7][safepoint   ] Safepoint "Cleanup", Time since last: 1006880084 ns, Reaching safepoint: 438542 ns, At safepoint: 15666 ns, Total: 454208 ns
[2023-07-25T07:18:04.455+0000][7][safepoint   ] Safepoint "Cleanup", Time since last: 2008686251 ns, Reaching safepoint: 156792 ns, At safepoint: 5542 ns, Total: 162334 ns
[2023-07-25T07:18:05.457+0000][7][safepoint   ] Safepoint "Cleanup", Time since last: 1001155542 ns, Reaching safepoint: 915541 ns, At safepoint: 12459 ns, Total: 928000 ns
[2023-07-25T07:18:07.469+0000][7][safepoint   ] Safepoint "Cleanup", Time since last: 2010664334 ns, Reaching safepoint: 992250 ns, At safepoint: 11417 ns, Total: 1003667 ns
[2023-07-25T07:18:08.475+0000][7][safepoint   ] Safepoint "Cleanup", Time since last: 1006119375 ns, Reaching safepoint: 355292 ns, At safepoint: 9583 ns, Total: 364875 ns
[2023-07-25T07:18:09.488+0000][7][safepoint   ] Safepoint "Cleanup", Time since last: 1009680709 ns, Reaching safepoint: 3300750 ns, At safepoint: 22375 ns, Total: 3323125 ns
[2023-07-25T07:18:10.512+0000][7][safepoint   ] Safepoint "Cleanup", Time since last: 1023378876 ns, Reaching safepoint: 137708 ns, At safepoint: 4958 ns, Total: 142666 ns
[2023-07-25T07:18:11.516+0000][7][safepoint   ] Safepoint "Cleanup", Time since last: 1004129501 ns, Reaching safepoint: 410708 ns, At safepoint: 15833 ns, Total: 426541 ns
[2023-07-25T07:18:13.548+0000][7][safepoint   ] Safepoint "Cleanup", Time since last: 2031609585 ns, Reaching safepoint: 272666 ns, At safepoint: 10500 ns, Total: 283166 ns
[2023-07-25T07:18:16.563+0000][7][safepoint   ] Safepoint "Cleanup", Time since last: 3014192168 ns, Reaching safepoint: 294667 ns, At safepoint: 4917 ns, Total: 299584 ns
[2023-07-25T07:18:17.565+0000][7][safepoint   ] Safepoint "Cleanup", Time since last: 1002032834 ns, Reaching safepoint: 170625 ns, At safepoint: 5333 ns, Total: 175958 ns
[2023-07-25T07:18:19.568+0000][7][safepoint   ] Safepoint "Cleanup", Time since last: 2002415126 ns, Reaching safepoint: 429167 ns, At safepoint: 9583 ns, Total: 438750 ns
[2023-07-25T07:18:22.578+0000][7][safepoint   ] Safepoint "Cleanup", Time since last: 3010241876 ns, Reaching safepoint: 274250 ns, At safepoint: 5334 ns, Total: 279584 ns
[2023-07-25T07:18:23.584+0000][7][safepoint   ] Safepoint "Cleanup", Time since last: 1004998333 ns, Reaching safepoint: 243375 ns, At safepoint: 7042 ns, Total: 250417 ns
[2023-07-25T07:18:24.587+0000][7][safepoint   ] Safepoint "Cleanup", Time since last: 1002547834 ns, Reaching safepoint: 817208 ns, At safepoint: 5792 ns, Total: 823000 ns
[2023-07-25T07:18:25.596+0000][7][safepoint   ] Safepoint "Cleanup", Time since last: 1008200542 ns, Reaching safepoint: 596667 ns, At safepoint: 15708 ns, Total: 612375 ns
[2023-07-25T07:18:27.605+0000][7][safepoint   ] Safepoint "Cleanup", Time since last: 2008995459 ns, Reaching safepoint: 254125 ns, At safepoint: 6667 ns, Total: 260792 ns
[2023-07-25T07:18:28.607+0000][7][safepoint   ] Safepoint "Cleanup", Time since last: 1002189084 ns, Reaching safepoint: 435625 ns, At safepoint: 8541 ns, Total: 444166 ns
[2023-07-25T07:18:29.615+0000][7][safepoint   ] Safepoint "Cleanup", Time since last: 1007726417 ns, Reaching safepoint: 239292 ns, At safepoint: 4500 ns, Total: 243792 ns
[2023-07-25T07:18:32.629+0000][7][safepoint   ] Safepoint "Cleanup", Time since last: 3012758293 ns, Reaching safepoint: 631125 ns, At safepoint: 10542 ns, Total: 641667 ns
[2023-07-25T07:18:34.645+0000][7][safepoint   ] Safepoint "Cleanup", Time since last: 2015702376 ns, Reaching safepoint: 155708 ns, At safepoint: 7208 ns, Total: 162916 ns
[2023-07-25T07:18:37.651+0000][7][safepoint   ] Safepoint "Cleanup", Time since last: 3006110752 ns, Reaching safepoint: 339750 ns, At safepoint: 12083 ns, Total: 351833 ns
[2023-07-25T07:18:40.662+0000][7][safepoint   ] Safepoint "Cleanup", Time since last: 3010890085 ns, Reaching safepoint: 90500 ns, At safepoint: 9042 ns, Total: 99542 ns
[2023-07-25T07:18:41.664+0000][7][safepoint   ] Safepoint "Cleanup", Time since last: 1001172083 ns, Reaching safepoint: 377250 ns, At safepoint: 12125 ns, Total: 389375 ns
[2023-07-25T07:18:42.671+0000][7][safepoint   ] Safepoint "Cleanup", Time since last: 1006717959 ns, Reaching safepoint: 827917 ns, At safepoint: 11667 ns, Total: 839584 ns
[2023-07-25T07:18:44.680+0000][7][safepoint   ] Safepoint "Cleanup", Time since last: 2008166626 ns, Reaching safepoint: 302625 ns, At safepoint: 9041 ns, Total: 311666 ns
[2023-07-25T07:18:46.699+0000][7][safepoint   ] Safepoint "Cleanup", Time since last: 2017174251 ns, Reaching safepoint: 1711625 ns, At safepoint: 15459 ns, Total: 1727084 ns
[2023-07-25T07:18:47.706+0000][7][safepoint   ] Safepoint "Cleanup", Time since last: 1006777000 ns, Reaching safepoint: 469875 ns, At safepoint: 6167 ns, Total: 476042 ns
[2023-07-25T07:18:48.712+0000][7][safepoint   ] Safepoint "Cleanup", Time since last: 1005653625 ns, Reaching safepoint: 401875 ns, At safepoint: 12625 ns, Total: 414500 ns
[2023-07-25T07:18:49.726+0000][7][safepoint   ] Safepoint "Cleanup", Time since last: 1012424584 ns, Reaching safepoint: 1171250 ns, At safepoint: 13417 ns, Total: 1184667 ns
[2023-07-25T07:18:50.749+0000][7][safepoint   ] Safepoint "Cleanup", Time since last: 1022871625 ns, Reaching safepoint: 312917 ns, At safepoint: 8916 ns, Total: 321833 ns
[2023-07-25T07:18:52.756+0000][7][safepoint   ] Safepoint "Cleanup", Time since last: 2007536085 ns, Reaching safepoint: 181750 ns, At safepoint: 5416 ns, Total: 187166 ns
[2023-07-25T07:18:53.759+0000][7][safepoint   ] Safepoint "Cleanup", Time since last: 1002739251 ns, Reaching safepoint: 110625 ns, At safepoint: 3458 ns, Total: 114083 ns
[2023-07-25T07:18:57.778+0000][7][safepoint   ] Safepoint "Cleanup", Time since last: 4013249668 ns, Reaching safepoint: 4981417 ns, At safepoint: 20750 ns, Total: 5002167 ns
[2023-07-25T07:18:58.795+0000][7][safepoint   ] Safepoint "Cleanup", Time since last: 1016515125 ns, Reaching safepoint: 336834 ns, At safepoint: 3416 ns, Total: 340250 ns
[2023-07-25T07:18:59.798+0000][7][safepoint   ] Safepoint "Cleanup", Time since last: 1003320084 ns, Reaching safepoint: 132792 ns, At safepoint: 5125 ns, Total: 137917 ns
[2023-07-25T07:19:00.800+0000][7][safepoint   ] Safepoint "Cleanup", Time since last: 1001698959 ns, Reaching safepoint: 394500 ns, At safepoint: 11083 ns, Total: 405583 ns
[2023-07-25T07:19:01.810+0000][7][safepoint   ] Safepoint "Cleanup", Time since last: 1009792125 ns, Reaching safepoint: 143125 ns, At safepoint: 4417 ns, Total: 147542 ns
[2023-07-25T07:19:02.814+0000][7][safepoint   ] Safepoint "Cleanup", Time since last: 1003347042 ns, Reaching safepoint: 264042 ns, At safepoint: 5625 ns, Total: 269667 ns
[2023-07-25T07:19:04.829+0000][7][safepoint   ] Safepoint "Cleanup", Time since last: 2014970626 ns, Reaching safepoint: 179375 ns, At safepoint: 3667 ns, Total: 183042 ns
[2023-07-25T07:19:05.833+0000][7][safepoint   ] Safepoint "Cleanup", Time since last: 1003528792 ns, Reaching safepoint: 454375 ns, At safepoint: 11833 ns, Total: 466208 ns
[2023-07-25T07:19:07.842+0000][7][safepoint   ] Safepoint "Cleanup", Time since last: 2008296459 ns, Reaching safepoint: 463834 ns, At safepoint: 12083 ns, Total: 475917 ns
[2023-07-25T07:19:10.863+0000][7][safepoint   ] Safepoint "Cleanup", Time since last: 3020305626 ns, Reaching safepoint: 1114750 ns, At safepoint: 7834 ns, Total: 1122584 ns
[2023-07-25T07:19:11.871+0000][7][safepoint   ] Safepoint "Cleanup", Time since last: 1006861292 ns, Reaching safepoint: 972208 ns, At safepoint: 10667 ns, Total: 982875 ns
[2023-07-25T07:19:13.890+0000][7][safepoint   ] Safepoint "Cleanup", Time since last: 2018606626 ns, Reaching safepoint: 184583 ns, At safepoint: 5334 ns, Total: 189917 ns
[2023-07-25T07:19:14.895+0000][7][safepoint   ] Safepoint "Cleanup", Time since last: 1005310250 ns, Reaching safepoint: 212708 ns, At safepoint: 7250 ns, Total: 219958 ns
[2023-07-25T07:19:16.902+0000][7][safepoint   ] Safepoint "Cleanup", Time since last: 2006682335 ns, Reaching safepoint: 159791 ns, At safepoint: 3750 ns, Total: 163541 ns
[2023-07-25T07:19:17.904+0000][7][safepoint   ] Safepoint "Cleanup", Time since last: 1001871251 ns, Reaching safepoint: 503250 ns, At safepoint: 12750 ns, Total: 516000 ns
[2023-07-25T07:19:18.915+0000][7][safepoint   ] Safepoint "Cleanup", Time since last: 1009727584 ns, Reaching safepoint: 319958 ns, At safepoint: 13000 ns, Total: 332958 ns
[2023-07-25T07:19:19.924+0000][7][safepoint   ] Safepoint "Cleanup", Time since last: 1008777500 ns, Reaching safepoint: 326042 ns, At safepoint: 9000 ns, Total: 335042 ns
[2023-07-25T07:19:20.928+0000][7][safepoint   ] Safepoint "Cleanup", Time since last: 1003490417 ns, Reaching safepoint: 442584 ns, At safepoint: 9583 ns, Total: 452167 ns
[2023-07-25T07:19:22.944+0000][7][safepoint   ] Safepoint "Cleanup", Time since last: 2016260959 ns, Reaching safepoint: 560708 ns, At safepoint: 11667 ns, Total: 572375 ns
[2023-07-25T07:19:27.978+0000][7][safepoint   ] Safepoint "Cleanup", Time since last: 5031868752 ns, Reaching safepoint: 1177000 ns, At safepoint: 72334 ns, Total: 1249334 ns
[2023-07-25T07:19:28.990+0000][7][safepoint   ] Safepoint "Cleanup", Time since last: 1011952500 ns, Reaching safepoint: 583833 ns, At safepoint: 14792 ns, Total: 598625 ns
[2023-07-25T07:19:29.999+0000][7][safepoint   ] Safepoint "Cleanup", Time since last: 1004720501 ns, Reaching safepoint: 4466958 ns, At safepoint: 19583 ns, Total: 4486541 ns
[2023-07-25T07:19:32.024+0000][7][safepoint   ] Safepoint "Cleanup", Time since last: 2022441126 ns, Reaching safepoint: 2505584 ns, At safepoint: 33666 ns, Total: 2539250 ns
[2023-07-25T07:19:34.079+0000][7][safepoint   ] Safepoint "Cleanup", Time since last: 2054308126 ns, Reaching safepoint: 467917 ns, At safepoint: 43875 ns, Total: 511792 ns
[2023-07-25T07:19:35.084+0000][7][safepoint   ] Safepoint "Cleanup", Time since last: 1004793834 ns, Reaching safepoint: 321750 ns, At safepoint: 4750 ns, Total: 326500 ns
[2023-07-25T07:19:37.086+0000][7][safepoint   ] Safepoint "Cleanup", Time since last: 2002092542 ns, Reaching safepoint: 105000 ns, At safepoint: 2875 ns, Total: 107875 ns
[2023-07-25T07:19:39.096+0000][7][safepoint   ] Safepoint "Cleanup", Time since last: 2008254876 ns, Reaching safepoint: 1221000 ns, At safepoint: 11542 ns, Total: 1232542 ns
[2023-07-25T07:19:40.104+0000][7][safepoint   ] Safepoint "Cleanup", Time since last: 1008252542 ns, Reaching safepoint: 265000 ns, At safepoint: 3917 ns, Total: 268917 ns
[2023-07-25T07:19:41.106+0000][7][safepoint   ] Safepoint "Cleanup", Time since last: 1001518167 ns, Reaching safepoint: 88125 ns, At safepoint: 1375 ns, Total: 89500 ns
[2023-07-25T07:19:42.107+0000][7][safepoint   ] Safepoint "Cleanup", Time since last: 1000878667 ns, Reaching safepoint: 231792 ns, At safepoint: 6333 ns, Total: 238125 ns
[2023-07-25T07:19:46.133+0000][7][safepoint   ] Safepoint "Cleanup", Time since last: 4025061877 ns, Reaching safepoint: 430208 ns, At safepoint: 3334 ns, Total: 433542 ns
[2023-07-25T07:19:47.136+0000][7][safepoint   ] Safepoint "Cleanup", Time since last: 1002833875 ns, Reaching safepoint: 111833 ns, At safepoint: 3834 ns, Total: 115667 ns
[2023-07-25T07:19:48.139+0000][7][safepoint   ] Safepoint "Cleanup", Time since last: 1002853209 ns, Reaching safepoint: 260291 ns, At safepoint: 5709 ns, Total: 266000 ns
[2023-07-25T07:19:49.145+0000][7][safepoint   ] Safepoint "Cleanup", Time since last: 1005960167 ns, Reaching safepoint: 202750 ns, At safepoint: 5250 ns, Total: 208000 ns
[2023-07-25T07:19:53.170+0000][7][safepoint   ] Safepoint "Cleanup", Time since last: 4024713835 ns, Reaching safepoint: 377417 ns, At safepoint: 13708 ns, Total: 391125 ns
[2023-07-25T07:19:57.202+0000][7][safepoint   ] Safepoint "Cleanup", Time since last: 4031972418 ns, Reaching safepoint: 179459 ns, At safepoint: 4666 ns, Total: 184125 ns
[2023-07-25T07:19:58.204+0000][7][safepoint   ] Safepoint "Cleanup", Time since last: 1001502917 ns, Reaching safepoint: 104459 ns, At safepoint: 3000 ns, Total: 107459 ns
[2023-07-25T07:19:59.205+0000][7][safepoint   ] Safepoint "Cleanup", Time since last: 1001680417 ns, Reaching safepoint: 90666 ns, At safepoint: 2584 ns, Total: 93250 ns
[2023-07-25T07:20:00.211+0000][7][safepoint   ] Safepoint "Cleanup", Time since last: 1005438500 ns, Reaching safepoint: 370125 ns, At safepoint: 42917 ns, Total: 413042 ns
[2023-07-25T07:20:01.225+0000][7][safepoint   ] Safepoint "Cleanup", Time since last: 1013048375 ns, Reaching safepoint: 277875 ns, At safepoint: 7584 ns, Total: 285459 ns
[2023-07-25T07:20:02.232+0000][7][safepoint   ] Safepoint "Cleanup", Time since last: 1006372959 ns, Reaching safepoint: 911833 ns, At safepoint: 7083 ns, Total: 918916 ns
[2023-07-25T07:20:03.246+0000][7][safepoint   ] Safepoint "Cleanup", Time since last: 1014213709 ns, Reaching safepoint: 320167 ns, At safepoint: 6375 ns, Total: 326542 ns
[2023-07-25T07:20:04.249+0000][7][safepoint   ] Safepoint "Cleanup", Time since last: 1002472750 ns, Reaching safepoint: 649584 ns, At safepoint: 10916 ns, Total: 660500 ns
[2023-07-25T07:20:05.254+0000][7][safepoint   ] Safepoint "Cleanup", Time since last: 1003794042 ns, Reaching safepoint: 262209 ns, At safepoint: 6958 ns, Total: 269167 ns
[2023-07-25T07:20:06.258+0000][7][safepoint   ] Safepoint "Cleanup", Time since last: 1003281542 ns, Reaching safepoint: 692750 ns, At safepoint: 18084 ns, Total: 710834 ns
[2023-07-25T07:20:07.266+0000][7][safepoint   ] Safepoint "Cleanup", Time since last: 1008077042 ns, Reaching safepoint: 525583 ns, At safepoint: 62917 ns, Total: 588500 ns
[2023-07-25T07:20:10.279+0000][7][safepoint   ] Safepoint "Cleanup", Time since last: 3012093751 ns, Reaching safepoint: 318625 ns, At safepoint: 17083 ns, Total: 335708 ns
[2023-07-25T07:20:11.284+0000][7][safepoint   ] Safepoint "Cleanup", Time since last: 1001269251 ns, Reaching safepoint: 3644083 ns, At safepoint: 22084 ns, Total: 3666167 ns
[2023-07-25T07:20:13.302+0000][7][safepoint   ] Safepoint "Cleanup", Time since last: 2016827251 ns, Reaching safepoint: 1614125 ns, At safepoint: 67791 ns, Total: 1681916 ns
[2023-07-25T07:20:16.320+0000][7][safepoint   ] Safepoint "Cleanup", Time since last: 3017813210 ns, Reaching safepoint: 85833 ns, At safepoint: 24750 ns, Total: 110583 ns
[2023-07-25T07:20:17.326+0000][7][safepoint   ] Safepoint "Cleanup", Time since last: 1006197959 ns, Reaching safepoint: 124500 ns, At safepoint: 5125 ns, Total: 129625 ns
[2023-07-25T07:20:19.333+0000][7][safepoint   ] Safepoint "Cleanup", Time since last: 2005419543 ns, Reaching safepoint: 775875 ns, At safepoint: 16625 ns, Total: 792500 ns
[2023-07-25T07:20:22.340+0000][7][safepoint   ] Safepoint "Cleanup", Time since last: 3007597293 ns, Reaching safepoint: 202750 ns, At safepoint: 4875 ns, Total: 207625 ns
[2023-07-25T07:20:23.346+0000][7][safepoint   ] Safepoint "Cleanup", Time since last: 1005049667 ns, Reaching safepoint: 952250 ns, At safepoint: 12875 ns, Total: 965125 ns
[2023-07-25T07:20:24.355+0000][7][safepoint   ] Safepoint "Cleanup", Time since last: 1008471084 ns, Reaching safepoint: 292250 ns, At safepoint: 10416 ns, Total: 302666 ns
[2023-07-25T07:20:25.366+0000][7][safepoint   ] Safepoint "Cleanup", Time since last: 1010131751 ns, Reaching safepoint: 284917 ns, At safepoint: 9208 ns, Total: 294125 ns
[2023-07-25T07:20:28.384+0000][7][safepoint   ] Safepoint "Cleanup", Time since last: 3017093418 ns, Reaching safepoint: 154166 ns, At safepoint: 19250 ns, Total: 173416 ns
[2023-07-25T07:20:29.387+0000][7][safepoint   ] Safepoint "Cleanup", Time since last: 1003074376 ns, Reaching safepoint: 781042 ns, At safepoint: 17666 ns, Total: 798708 ns
[2023-07-25T07:20:30.407+0000][7][safepoint   ] Safepoint "Cleanup", Time since last: 1019360334 ns, Reaching safepoint: 490833 ns, At safepoint: 12084 ns, Total: 502917 ns
[2023-07-25T07:20:31.429+0000][7][safepoint   ] Safepoint "Cleanup", Time since last: 1021143125 ns, Reaching safepoint: 305709 ns, At safepoint: 14083 ns, Total: 319792 ns
[2023-07-25T07:20:34.437+0000][7][safepoint   ] Safepoint "Cleanup", Time since last: 3007855585 ns, Reaching safepoint: 63125 ns, At safepoint: 2416 ns, Total: 65541 ns
[2023-07-25T07:20:35.441+0000][7][safepoint   ] Safepoint "Cleanup", Time since last: 1004018417 ns, Reaching safepoint: 331292 ns, At safepoint: 8958 ns, Total: 340250 ns
[2023-07-25T07:20:37.456+0000][7][safepoint   ] Safepoint "Cleanup", Time since last: 2014539168 ns, Reaching safepoint: 775917 ns, At safepoint: 9000 ns, Total: 784917 ns
[2023-07-25T07:20:40.467+0000][7][safepoint   ] Safepoint "Cleanup", Time since last: 3010427001 ns, Reaching safepoint: 133709 ns, At safepoint: 6125 ns, Total: 139834 ns
[2023-07-25T07:20:41.468+0000][7][safepoint   ] Safepoint "Cleanup", Time since last: 1000900167 ns, Reaching safepoint: 169208 ns, At safepoint: 4250 ns, Total: 173458 ns
[2023-07-25T07:20:42.474+0000][7][safepoint   ] Safepoint "Cleanup", Time since last: 1005825417 ns, Reaching safepoint: 365208 ns, At safepoint: 13334 ns, Total: 378542 ns
[2023-07-25T07:20:43.486+0000][7][safepoint   ] Safepoint "Cleanup", Time since last: 1010924625 ns, Reaching safepoint: 422084 ns, At safepoint: 9791 ns, Total: 431875 ns
[2023-07-25T07:20:46.496+0000][7][safepoint   ] Safepoint "Cleanup", Time since last: 3010490960 ns, Reaching safepoint: 120875 ns, At safepoint: 4000 ns, Total: 124875 ns
[2023-07-25T07:20:47.498+0000][7][safepoint   ] Safepoint "Cleanup", Time since last: 1001425834 ns, Reaching safepoint: 533500 ns, At safepoint: 14458 ns, Total: 547958 ns
[2023-07-25T07:20:49.513+0000][7][safepoint   ] Safepoint "Cleanup", Time since last: 2014811001 ns, Reaching safepoint: 442292 ns, At safepoint: 12833 ns, Total: 455125 ns
[2023-07-25T07:20:52.534+0000][7][safepoint   ] Safepoint "Cleanup", Time since last: 3019986668 ns, Reaching safepoint: 108375 ns, At safepoint: 3459 ns, Total: 111834 ns
[2023-07-25T07:20:55.543+0000][7][safepoint   ] Safepoint "Cleanup", Time since last: 3008590834 ns, Reaching safepoint: 1121875 ns, At safepoint: 11000 ns, Total: 1132875 ns
[2023-07-25T07:20:56.552+0000][7][safepoint   ] Safepoint "Cleanup", Time since last: 1008378543 ns, Reaching safepoint: 349958 ns, At safepoint: 11500 ns, Total: 361458 ns
[2023-07-25T07:20:57.560+0000][7][safepoint   ] Safepoint "Cleanup", Time since last: 1008113124 ns, Reaching safepoint: 471917 ns, At safepoint: 6917 ns, Total: 478834 ns
[2023-07-25T07:20:58.572+0000][7][safepoint   ] Safepoint "Cleanup", Time since last: 1012293834 ns, Reaching safepoint: 177833 ns, At safepoint: 3292 ns, Total: 181125 ns
[2023-07-25T07:20:59.576+0000][7][safepoint   ] Safepoint "Cleanup", Time since last: 1003052000 ns, Reaching safepoint: 121625 ns, At safepoint: 3542 ns, Total: 125167 ns
[2023-07-25T07:21:00.578+0000][7][safepoint   ] Safepoint "Cleanup", Time since last: 1002050542 ns, Reaching safepoint: 88416 ns, At safepoint: 3417 ns, Total: 91833 ns
[2023-07-25T07:21:01.580+0000][7][safepoint   ] Safepoint "Cleanup", Time since last: 1001677251 ns, Reaching safepoint: 477541 ns, At safepoint: 6875 ns, Total: 484416 ns
[2023-07-25T07:21:02.602+0000][7][safepoint   ] Safepoint "Cleanup", Time since last: 1015744501 ns, Reaching safepoint: 5845166 ns, At safepoint: 19042 ns, Total: 5864208 ns
[2023-07-25T07:21:03.611+0000][7][safepoint   ] Safepoint "Cleanup", Time since last: 1008972751 ns, Reaching safepoint: 389000 ns, At safepoint: 11500 ns, Total: 400500 ns
[2023-07-25T07:21:04.617+0000][7][safepoint   ] Safepoint "Cleanup", Time since last: 1005398917 ns, Reaching safepoint: 392791 ns, At safepoint: 5209 ns, Total: 398000 ns
[2023-07-25T07:21:07.066+0000][7][safepoint   ] Safepoint "ICBufferFull", Time since last: 2449145293 ns, Reaching safepoint: 288125 ns, At safepoint: 22333 ns, Total: 310458 ns
[2023-07-25T07:21:07.121+0000][7][safepoint   ] Safepoint "ICBufferFull", Time since last: 54466000 ns, Reaching safepoint: 293375 ns, At safepoint: 13750 ns, Total: 307125 ns
[2023-07-25T07:21:07.171+0000][7][safepoint   ] Safepoint "ICBufferFull", Time since last: 48149917 ns, Reaching safepoint: 1440250 ns, At safepoint: 10083 ns, Total: 1450333 ns
[2023-07-25T07:21:07.269+0000][7][safepoint   ] Safepoint "ICBufferFull", Time since last: 98493625 ns, Reaching safepoint: 239333 ns, At safepoint: 57209 ns, Total: 296542 ns
[2023-07-25T07:21:07.274+0000][7][safepoint   ] Safepoint "ICBufferFull", Time since last: 4230416 ns, Reaching safepoint: 212667 ns, At safepoint: 15542 ns, Total: 228209 ns
[2023-07-25T07:21:07.287+0000][7][safepoint   ] Safepoint "ICBufferFull", Time since last: 13194208 ns, Reaching safepoint: 315000 ns, At safepoint: 25417 ns, Total: 340417 ns
[2023-07-25T07:21:07.289+0000][7][safepoint   ] Safepoint "ICBufferFull", Time since last: 1361416 ns, Reaching safepoint: 345875 ns, At safepoint: 33375 ns, Total: 379250 ns
[2023-07-25T07:21:07.430+0000][7][safepoint   ] Safepoint "ICBufferFull", Time since last: 140695042 ns, Reaching safepoint: 201250 ns, At safepoint: 3042 ns, Total: 204292 ns
[2023-07-25T07:21:07.485+0000][7][safepoint   ] Safepoint "ICBufferFull", Time since last: 54215166 ns, Reaching safepoint: 668417 ns, At safepoint: 39833 ns, Total: 708250 ns
[2023-07-25T07:21:07.653+0000][7][safepoint   ] Safepoint "ICBufferFull", Time since last: 168271709 ns, Reaching safepoint: 109500 ns, At safepoint: 172958 ns, Total: 282458 ns
[2023-07-25T07:21:08.654+0000][7][safepoint   ] Safepoint "Cleanup", Time since last: 1000779209 ns, Reaching safepoint: 176833 ns, At safepoint: 9375 ns, Total: 186208 ns
[2023-07-25T07:21:08.893+0000][7][safepoint   ] Safepoint "ICBufferFull", Time since last: 238189667 ns, Reaching safepoint: 293250 ns, At safepoint: 7000 ns, Total: 300250 ns
[2023-07-25T07:21:09.008+0000][7][gc,start    ] GC(16) Pause Young (Normal) (G1 Evacuation Pause)
[2023-07-25T07:21:09.009+0000][7][gc,task     ] GC(16) Using 2 workers of 2 for evacuation
[2023-07-25T07:21:09.010+0000][7][gc,age      ] GC(16) Desired survivor size 81788928 bytes, new threshold 15 (max threshold 15)
[2023-07-25T07:21:09.023+0000][7][gc,phases   ] GC(16)   Pre Evacuate Collection Set: 0.3ms
[2023-07-25T07:21:09.025+0000][7][gc,phases   ] GC(16)   Merge Heap Roots: 0.2ms
[2023-07-25T07:21:09.026+0000][7][gc,phases   ] GC(16)   Evacuate Collection Set: 10.2ms
[2023-07-25T07:21:09.027+0000][7][gc,phases   ] GC(16)   Post Evacuate Collection Set: 2.4ms
[2023-07-25T07:21:09.027+0000][7][gc,phases   ] GC(16)   Other: 1.5ms
[2023-07-25T07:21:09.028+0000][7][gc,age      ] GC(16) Age table with threshold 15 (max threshold 15)
[2023-07-25T07:21:09.029+0000][7][gc,age      ] GC(16) - age   1:   10256280 bytes,   10256280 total
[2023-07-25T07:21:09.029+0000][7][gc,age      ] GC(16) - age   2:    1687456 bytes,   11943736 total
[2023-07-25T07:21:09.030+0000][7][gc,heap     ] GC(16) Eden regions: 305->0(304)
[2023-07-25T07:21:09.031+0000][7][gc,heap     ] GC(16) Survivor regions: 2->3(39)
[2023-07-25T07:21:09.032+0000][7][gc,heap     ] GC(16) Old regions: 26->26
[2023-07-25T07:21:09.033+0000][7][gc,heap     ] GC(16) Archive regions: 2->2
[2023-07-25T07:21:09.034+0000][7][gc,heap     ] GC(16) Humongous regions: 2->2
[2023-07-25T07:21:09.035+0000][7][gc,metaspace] GC(16) Metaspace: 113835K(116736K)->113835K(116736K) NonClass: 98601K(100160K)->98601K(100160K) Class: 15234K(16576K)->15234K(16576K)
[2023-07-25T07:21:09.035+0000][7][gc          ] GC(16) Pause Young (Normal) (G1 Evacuation Pause) 1339M->125M(2048M) 27.636ms
[2023-07-25T07:21:09.036+0000][7][gc,cpu      ] GC(16) User=0.03s Sys=0.00s Real=0.03s
[2023-07-25T07:21:09.037+0000][7][safepoint   ] Safepoint "G1CollectForAllocation", Time since last: 113950750 ns, Reaching safepoint: 823542 ns, At safepoint: 29193083 ns, Total: 30016625 ns
[2023-07-25T07:21:09.616+0000][7][safepoint   ] Safepoint "ICBufferFull", Time since last: 578643792 ns, Reaching safepoint: 314750 ns, At safepoint: 5458 ns, Total: 320208 ns
[2023-07-25T07:21:10.619+0000][7][safepoint   ] Safepoint "Cleanup", Time since last: 1003299168 ns, Reaching safepoint: 230208 ns, At safepoint: 3458 ns, Total: 233666 ns
[2023-07-25T07:21:11.623+0000][7][safepoint   ] Safepoint "Cleanup", Time since last: 1002973251 ns, Reaching safepoint: 280125 ns, At safepoint: 12750 ns, Total: 292875 ns
[2023-07-25T07:21:12.628+0000][7][safepoint   ] Safepoint "Cleanup", Time since last: 1005186500 ns, Reaching safepoint: 338542 ns, At safepoint: 11708 ns, Total: 350250 ns
[2023-07-25T07:21:13.639+0000][7][safepoint   ] Safepoint "Cleanup", Time since last: 1010045501 ns, Reaching safepoint: 240250 ns, At safepoint: 6500 ns, Total: 246750 ns
[2023-07-25T07:21:14.648+0000][7][safepoint   ] Safepoint "Cleanup", Time since last: 1008251542 ns, Reaching safepoint: 1095167 ns, At safepoint: 34416 ns, Total: 1129583 ns
[2023-07-25T07:21:16.655+0000][7][safepoint   ] Safepoint "Cleanup", Time since last: 2006607043 ns, Reaching safepoint: 145416 ns, At safepoint: 4875 ns, Total: 150291 ns
[2023-07-25T07:21:19.663+0000][7][safepoint   ] Safepoint "Cleanup", Time since last: 3008217877 ns, Reaching safepoint: 158500 ns, At safepoint: 9167 ns, Total: 167667 ns
[2023-07-25T07:21:22.671+0000][7][safepoint   ] Safepoint "Cleanup", Time since last: 3007546084 ns, Reaching safepoint: 329250 ns, At safepoint: 6042 ns, Total: 335292 ns
[2023-07-25T07:21:23.675+0000][7][safepoint   ] Safepoint "Cleanup", Time since last: 1003164209 ns, Reaching safepoint: 495625 ns, At safepoint: 10708 ns, Total: 506333 ns
[2023-07-25T07:21:24.690+0000][7][safepoint   ] Safepoint "Cleanup", Time since last: 1015209959 ns, Reaching safepoint: 432875 ns, At safepoint: 11542 ns, Total: 444417 ns
[2023-07-25T07:21:25.695+0000][7][safepoint   ] Safepoint "Cleanup", Time since last: 1003656333 ns, Reaching safepoint: 620459 ns, At safepoint: 10041 ns, Total: 630500 ns
[2023-07-25T07:21:26.702+0000][7][safepoint   ] Safepoint "Cleanup", Time since last: 1006084626 ns, Reaching safepoint: 1596167 ns, At safepoint: 10875 ns, Total: 1607042 ns
[2023-07-25T07:21:27.707+0000][7][safepoint   ] Safepoint "Cleanup", Time since last: 1005016083 ns, Reaching safepoint: 270500 ns, At safepoint: 10416 ns, Total: 280916 ns
[2023-07-25T07:21:28.713+0000][7][safepoint   ] Safepoint "Cleanup", Time since last: 1005212709 ns, Reaching safepoint: 239625 ns, At safepoint: 10042 ns, Total: 249667 ns
[2023-07-25T07:21:29.717+0000][7][safepoint   ] Safepoint "Cleanup", Time since last: 1003969084 ns, Reaching safepoint: 142666 ns, At safepoint: 5792 ns, Total: 148458 ns
[2023-07-25T07:21:31.723+0000][7][safepoint   ] Safepoint "Cleanup", Time since last: 2005559668 ns, Reaching safepoint: 410750 ns, At safepoint: 11541 ns, Total: 422291 ns
[2023-07-25T07:21:33.738+0000][7][safepoint   ] Safepoint "Cleanup", Time since last: 2014849501 ns, Reaching safepoint: 441542 ns, At safepoint: 15125 ns, Total: 456667 ns
[2023-07-25T07:21:34.752+0000][7][safepoint   ] Safepoint "Cleanup", Time since last: 1013723209 ns, Reaching safepoint: 196083 ns, At safepoint: 3917 ns, Total: 200000 ns
[2023-07-25T07:21:37.760+0000][7][safepoint   ] Safepoint "Cleanup", Time since last: 3007226001 ns, Reaching safepoint: 527084 ns, At safepoint: 10666 ns, Total: 537750 ns
[2023-07-25T07:21:39.772+0000][7][safepoint   ] Safepoint "Cleanup", Time since last: 2012069126 ns, Reaching safepoint: 113709 ns, At safepoint: 10291 ns, Total: 124000 ns
[2023-07-25T07:21:40.777+0000][7][safepoint   ] Safepoint "Cleanup", Time since last: 1004535542 ns, Reaching safepoint: 290167 ns, At safepoint: 10083 ns, Total: 300250 ns
[2023-07-25T07:21:41.790+0000][7][safepoint   ] Safepoint "Cleanup", Time since last: 1012590042 ns, Reaching safepoint: 450125 ns, At safepoint: 7250 ns, Total: 457375 ns
[2023-07-25T07:21:42.798+0000][7][safepoint   ] Safepoint "Cleanup", Time since last: 1008106709 ns, Reaching safepoint: 354709 ns, At safepoint: 8291 ns, Total: 363000 ns
[2023-07-25T07:21:43.811+0000][7][safepoint   ] Safepoint "Cleanup", Time since last: 1011576792 ns, Reaching safepoint: 577667 ns, At safepoint: 23333 ns, Total: 601000 ns
[2023-07-25T07:21:46.821+0000][7][safepoint   ] Safepoint "Cleanup", Time since last: 3009945835 ns, Reaching safepoint: 534000 ns, At safepoint: 6125 ns, Total: 540125 ns
[2023-07-25T07:21:47.830+0000][7][safepoint   ] Safepoint "Cleanup", Time since last: 1008691709 ns, Reaching safepoint: 649792 ns, At safepoint: 11125 ns, Total: 660917 ns
[2023-07-25T07:21:52.845+0000][7][safepoint   ] Safepoint "Cleanup", Time since last: 5014525502 ns, Reaching safepoint: 96625 ns, At safepoint: 2833 ns, Total: 99458 ns
[2023-07-25T07:21:54.847+0000][7][safepoint   ] Safepoint "Cleanup", Time since last: 2001799960 ns, Reaching safepoint: 185458 ns, At safepoint: 4458 ns, Total: 189916 ns
[2023-07-25T07:21:55.849+0000][7][safepoint   ] Safepoint "Cleanup", Time since last: 1002166334 ns, Reaching safepoint: 259500 ns, At safepoint: 9459 ns, Total: 268959 ns
[2023-07-25T07:21:57.861+0000][7][safepoint   ] Safepoint "Cleanup", Time since last: 2009884625 ns, Reaching safepoint: 372416 ns, At safepoint: 11334 ns, Total: 383750 ns
[2023-07-25T07:21:58.884+0000][7][safepoint   ] Safepoint "Cleanup", Time since last: 1022644542 ns, Reaching safepoint: 556583 ns, At safepoint: 23333 ns, Total: 579916 ns
[2023-07-25T07:21:59.890+0000][7][safepoint   ] Safepoint "Cleanup", Time since last: 1005739334 ns, Reaching safepoint: 97667 ns, At safepoint: 3583 ns, Total: 101250 ns
[2023-07-25T07:22:01.898+0000][7][safepoint   ] Safepoint "Cleanup", Time since last: 2007442543 ns, Reaching safepoint: 905458 ns, At safepoint: 6708 ns, Total: 912166 ns
[2023-07-25T07:22:02.909+0000][7][safepoint   ] Safepoint "Cleanup", Time since last: 1010811626 ns, Reaching safepoint: 297417 ns, At safepoint: 6583 ns, Total: 304000 ns
[2023-07-25T07:22:04.919+0000][7][safepoint   ] Safepoint "Cleanup", Time since last: 2009004001 ns, Reaching safepoint: 184875 ns, At safepoint: 5083 ns, Total: 189958 ns
[2023-07-25T07:22:05.921+0000][7][safepoint   ] Safepoint "Cleanup", Time since last: 1002496292 ns, Reaching safepoint: 148709 ns, At safepoint: 3500 ns, Total: 152209 ns
[2023-07-25T07:22:07.929+0000][7][safepoint   ] Safepoint "Cleanup", Time since last: 2007092292 ns, Reaching safepoint: 703250 ns, At safepoint: 8334 ns, Total: 711584 ns
[2023-07-25T07:22:09.944+0000][7][safepoint   ] Safepoint "Cleanup", Time since last: 2015108751 ns, Reaching safepoint: 265583 ns, At safepoint: 6917 ns, Total: 272500 ns
[2023-07-25T07:22:10.948+0000][7][safepoint   ] Safepoint "Cleanup", Time since last: 1002618125 ns, Reaching safepoint: 606958 ns, At safepoint: 11875 ns, Total: 618833 ns
[2023-07-25T07:22:13.970+0000][7][safepoint   ] Safepoint "Cleanup", Time since last: 3021483169 ns, Reaching safepoint: 658208 ns, At safepoint: 5292 ns, Total: 663500 ns
